<?xml version="1.0" encoding="UTF-8"?>
<testsuite xmlns:xsi="http://www.w3.org/2001/XMLSchema-instance" xsi:noNamespaceSchemaLocation="https://maven.apache.org/surefire/maven-surefire-plugin/xsd/surefire-test-report.xsd" name="com.sg.ArbelBlogMastery.ArbelBlogMasteryApplicationTests" time="6.853" tests="1" errors="1" skipped="0" failures="0">
  <properties>
    <property name="java.specification.version" value="13"/>
    <property name="sun.cpu.isalist" value="amd64"/>
    <property name="sun.jnu.encoding" value="Cp1252"/>
    <property name="java.class.path" value="C:\Users\PTGIN\OneDrive\Documents\NetBeansProjects\ARBELBLOGMASTERY\target\test-classes;C:\Users\PTGIN\OneDrive\Documents\NetBeansProjects\ARBELBLOGMASTERY\target\classes;C:\Users\PTGIN\.m2\repository\org\springframework\boot\spring-boot-starter-data-jdbc\2.2.6.RELEASE\spring-boot-starter-data-jdbc-2.2.6.RELEASE.jar;C:\Users\PTGIN\.m2\repository\org\springframework\data\spring-data-jdbc\1.1.6.RELEASE\spring-data-jdbc-1.1.6.RELEASE.jar;C:\Users\PTGIN\.m2\repository\org\springframework\data\spring-data-relational\1.1.6.RELEASE\spring-data-relational-1.1.6.RELEASE.jar;C:\Users\PTGIN\.m2\repository\org\springframework\data\spring-data-commons\2.2.6.RELEASE\spring-data-commons-2.2.6.RELEASE.jar;C:\Users\PTGIN\.m2\repository\org\springframework\spring-tx\5.2.5.RELEASE\spring-tx-5.2.5.RELEASE.jar;C:\Users\PTGIN\.m2\repository\org\springframework\spring-beans\5.2.5.RELEASE\spring-beans-5.2.5.RELEASE.jar;C:\Users\PTGIN\.m2\repository\org\slf4j\slf4j-api\1.7.30\slf4j-api-1.7.30.jar;C:\Users\PTGIN\.m2\repository\org\springframework\boot\spring-boot-starter-data-rest\2.2.6.RELEASE\spring-boot-starter-data-rest-2.2.6.RELEASE.jar;C:\Users\PTGIN\.m2\repository\org\springframework\data\spring-data-rest-webmvc\3.2.6.RELEASE\spring-data-rest-webmvc-3.2.6.RELEASE.jar;C:\Users\PTGIN\.m2\repository\org\springframework\data\spring-data-rest-core\3.2.6.RELEASE\spring-data-rest-core-3.2.6.RELEASE.jar;C:\Users\PTGIN\.m2\repository\org\springframework\hateoas\spring-hateoas\1.0.4.RELEASE\spring-hateoas-1.0.4.RELEASE.jar;C:\Users\PTGIN\.m2\repository\org\springframework\plugin\spring-plugin-core\2.0.0.RELEASE\spring-plugin-core-2.0.0.RELEASE.jar;C:\Users\PTGIN\.m2\repository\org\atteo\evo-inflector\1.2.2\evo-inflector-1.2.2.jar;C:\Users\PTGIN\.m2\repository\com\fasterxml\jackson\core\jackson-databind\2.10.3\jackson-databind-2.10.3.jar;C:\Users\PTGIN\.m2\repository\com\fasterxml\jackson\core\jackson-core\2.10.3\jackson-core-2.10.3.jar;C:\Users\PTGIN\.m2\repository\com\fasterxml\jackson\core\jackson-annotations\2.10.3\jackson-annotations-2.10.3.jar;C:\Users\PTGIN\.m2\repository\org\springframework\boot\spring-boot-starter-jdbc\2.2.6.RELEASE\spring-boot-starter-jdbc-2.2.6.RELEASE.jar;C:\Users\PTGIN\.m2\repository\org\springframework\boot\spring-boot-starter\2.2.6.RELEASE\spring-boot-starter-2.2.6.RELEASE.jar;C:\Users\PTGIN\.m2\repository\org\springframework\boot\spring-boot-starter-logging\2.2.6.RELEASE\spring-boot-starter-logging-2.2.6.RELEASE.jar;C:\Users\PTGIN\.m2\repository\ch\qos\logback\logback-classic\1.2.3\logback-classic-1.2.3.jar;C:\Users\PTGIN\.m2\repository\ch\qos\logback\logback-core\1.2.3\logback-core-1.2.3.jar;C:\Users\PTGIN\.m2\repository\org\apache\logging\log4j\log4j-to-slf4j\2.12.1\log4j-to-slf4j-2.12.1.jar;C:\Users\PTGIN\.m2\repository\org\apache\logging\log4j\log4j-api\2.12.1\log4j-api-2.12.1.jar;C:\Users\PTGIN\.m2\repository\org\slf4j\jul-to-slf4j\1.7.30\jul-to-slf4j-1.7.30.jar;C:\Users\PTGIN\.m2\repository\jakarta\annotation\jakarta.annotation-api\1.3.5\jakarta.annotation-api-1.3.5.jar;C:\Users\PTGIN\.m2\repository\org\yaml\snakeyaml\1.25\snakeyaml-1.25.jar;C:\Users\PTGIN\.m2\repository\com\zaxxer\HikariCP\3.4.2\HikariCP-3.4.2.jar;C:\Users\PTGIN\.m2\repository\org\springframework\spring-jdbc\5.2.5.RELEASE\spring-jdbc-5.2.5.RELEASE.jar;C:\Users\PTGIN\.m2\repository\org\springframework\boot\spring-boot-starter-thymeleaf\2.2.6.RELEASE\spring-boot-starter-thymeleaf-2.2.6.RELEASE.jar;C:\Users\PTGIN\.m2\repository\org\thymeleaf\thymeleaf-spring5\3.0.11.RELEASE\thymeleaf-spring5-3.0.11.RELEASE.jar;C:\Users\PTGIN\.m2\repository\org\thymeleaf\thymeleaf\3.0.11.RELEASE\thymeleaf-3.0.11.RELEASE.jar;C:\Users\PTGIN\.m2\repository\org\attoparser\attoparser\2.0.5.RELEASE\attoparser-2.0.5.RELEASE.jar;C:\Users\PTGIN\.m2\repository\org\unbescape\unbescape\1.1.6.RELEASE\unbescape-1.1.6.RELEASE.jar;C:\Users\PTGIN\.m2\repository\org\thymeleaf\extras\thymeleaf-extras-java8time\3.0.4.RELEASE\thymeleaf-extras-java8time-3.0.4.RELEASE.jar;C:\Users\PTGIN\.m2\repository\org\springframework\boot\spring-boot-starter-web\2.2.6.RELEASE\spring-boot-starter-web-2.2.6.RELEASE.jar;C:\Users\PTGIN\.m2\repository\org\springframework\boot\spring-boot-starter-json\2.2.6.RELEASE\spring-boot-starter-json-2.2.6.RELEASE.jar;C:\Users\PTGIN\.m2\repository\com\fasterxml\jackson\datatype\jackson-datatype-jdk8\2.10.3\jackson-datatype-jdk8-2.10.3.jar;C:\Users\PTGIN\.m2\repository\com\fasterxml\jackson\datatype\jackson-datatype-jsr310\2.10.3\jackson-datatype-jsr310-2.10.3.jar;C:\Users\PTGIN\.m2\repository\com\fasterxml\jackson\module\jackson-module-parameter-names\2.10.3\jackson-module-parameter-names-2.10.3.jar;C:\Users\PTGIN\.m2\repository\org\springframework\boot\spring-boot-starter-tomcat\2.2.6.RELEASE\spring-boot-starter-tomcat-2.2.6.RELEASE.jar;C:\Users\PTGIN\.m2\repository\org\apache\tomcat\embed\tomcat-embed-core\9.0.33\tomcat-embed-core-9.0.33.jar;C:\Users\PTGIN\.m2\repository\org\apache\tomcat\embed\tomcat-embed-el\9.0.33\tomcat-embed-el-9.0.33.jar;C:\Users\PTGIN\.m2\repository\org\apache\tomcat\embed\tomcat-embed-websocket\9.0.33\tomcat-embed-websocket-9.0.33.jar;C:\Users\PTGIN\.m2\repository\org\springframework\boot\spring-boot-starter-validation\2.2.6.RELEASE\spring-boot-starter-validation-2.2.6.RELEASE.jar;C:\Users\PTGIN\.m2\repository\jakarta\validation\jakarta.validation-api\2.0.2\jakarta.validation-api-2.0.2.jar;C:\Users\PTGIN\.m2\repository\org\hibernate\validator\hibernate-validator\6.0.18.Final\hibernate-validator-6.0.18.Final.jar;C:\Users\PTGIN\.m2\repository\org\jboss\logging\jboss-logging\3.4.1.Final\jboss-logging-3.4.1.Final.jar;C:\Users\PTGIN\.m2\repository\com\fasterxml\classmate\1.5.1\classmate-1.5.1.jar;C:\Users\PTGIN\.m2\repository\org\springframework\spring-web\5.2.5.RELEASE\spring-web-5.2.5.RELEASE.jar;C:\Users\PTGIN\.m2\repository\org\springframework\spring-webmvc\5.2.5.RELEASE\spring-webmvc-5.2.5.RELEASE.jar;C:\Users\PTGIN\.m2\repository\org\springframework\spring-aop\5.2.5.RELEASE\spring-aop-5.2.5.RELEASE.jar;C:\Users\PTGIN\.m2\repository\org\springframework\spring-expression\5.2.5.RELEASE\spring-expression-5.2.5.RELEASE.jar;C:\Users\PTGIN\.m2\repository\org\springframework\boot\spring-boot-starter-web-services\2.2.6.RELEASE\spring-boot-starter-web-services-2.2.6.RELEASE.jar;C:\Users\PTGIN\.m2\repository\com\sun\xml\messaging\saaj\saaj-impl\1.5.1\saaj-impl-1.5.1.jar;C:\Users\PTGIN\.m2\repository\jakarta\activation\jakarta.activation-api\1.2.2\jakarta.activation-api-1.2.2.jar;C:\Users\PTGIN\.m2\repository\jakarta\xml\soap\jakarta.xml.soap-api\1.4.2\jakarta.xml.soap-api-1.4.2.jar;C:\Users\PTGIN\.m2\repository\org\jvnet\mimepull\mimepull\1.9.13\mimepull-1.9.13.jar;C:\Users\PTGIN\.m2\repository\org\jvnet\staxex\stax-ex\1.8.1\stax-ex-1.8.1.jar;C:\Users\PTGIN\.m2\repository\jakarta\xml\ws\jakarta.xml.ws-api\2.3.3\jakarta.xml.ws-api-2.3.3.jar;C:\Users\PTGIN\.m2\repository\jakarta\jws\jakarta.jws-api\2.1.0\jakarta.jws-api-2.1.0.jar;C:\Users\PTGIN\.m2\repository\org\springframework\spring-oxm\5.2.5.RELEASE\spring-oxm-5.2.5.RELEASE.jar;C:\Users\PTGIN\.m2\repository\org\springframework\ws\spring-ws-core\3.0.8.RELEASE\spring-ws-core-3.0.8.RELEASE.jar;C:\Users\PTGIN\.m2\repository\org\springframework\ws\spring-xml\3.0.8.RELEASE\spring-xml-3.0.8.RELEASE.jar;C:\Users\PTGIN\.m2\repository\com\vaadin\vaadin-spring-boot-starter\14.1.25\vaadin-spring-boot-starter-14.1.25.jar;C:\Users\PTGIN\.m2\repository\com\vaadin\vaadin-spring\12.1.4\vaadin-spring-12.1.4.jar;C:\Users\PTGIN\.m2\repository\com\vaadin\flow-server\2.1.8\flow-server-2.1.8.jar;C:\Users\PTGIN\.m2\repository\com\vaadin\external\gwt\gwt-elemental\2.8.2.vaadin2\gwt-elemental-2.8.2.vaadin2.jar;C:\Users\PTGIN\.m2\repository\commons-fileupload\commons-fileupload\1.3.3\commons-fileupload-1.3.3.jar;C:\Users\PTGIN\.m2\repository\commons-io\commons-io\2.5\commons-io-2.5.jar;C:\Users\PTGIN\.m2\repository\org\jsoup\jsoup\1.12.1\jsoup-1.12.1.jar;C:\Users\PTGIN\.m2\repository\com\helger\ph-css\6.1.1\ph-css-6.1.1.jar;C:\Users\PTGIN\.m2\repository\com\helger\ph-commons\9.1.2\ph-commons-9.1.2.jar;C:\Users\PTGIN\.m2\repository\com\vaadin\external\gentyref\1.2.0.vaadin1\gentyref-1.2.0.vaadin1.jar;C:\Users\PTGIN\.m2\repository\com\vaadin\flow-push\2.1.8\flow-push-2.1.8.jar;C:\Users\PTGIN\.m2\repository\com\vaadin\external\atmosphere\atmosphere-runtime\2.4.30.slf4jvaadin1\atmosphere-runtime-2.4.30.slf4jvaadin1.jar;C:\Users\PTGIN\.m2\repository\com\vaadin\flow-client\2.1.8\flow-client-2.1.8.jar;C:\Users\PTGIN\.m2\repository\org\springframework\spring-websocket\5.2.5.RELEASE\spring-websocket-5.2.5.RELEASE.jar;C:\Users\PTGIN\.m2\repository\com\vaadin\vaadin-core\14.1.25\vaadin-core-14.1.25.jar;C:\Users\PTGIN\.m2\repository\com\vaadin\flow-html-components\2.1.8\flow-html-components-2.1.8.jar;C:\Users\PTGIN\.m2\repository\com\vaadin\flow-data\2.1.8\flow-data-2.1.8.jar;C:\Users\PTGIN\.m2\repository\javax\validation\validation-api\2.0.1.Final\validation-api-2.0.1.Final.jar;C:\Users\PTGIN\.m2\repository\com\vaadin\flow-dnd\2.1.8\flow-dnd-2.1.8.jar;C:\Users\PTGIN\.m2\repository\org\webjars\npm\vaadin__vaadin-mobile-drag-drop\1.0.0\vaadin__vaadin-mobile-drag-drop-1.0.0.jar;C:\Users\PTGIN\.m2\repository\org\webjars\npm\mobile-drag-drop\2.3.0-rc.1\mobile-drag-drop-2.3.0-rc.1.jar;C:\Users\PTGIN\.m2\repository\com\vaadin\vaadin-lumo-theme\2.1.8\vaadin-lumo-theme-2.1.8.jar;C:\Users\PTGIN\.m2\repository\org\webjars\bowergithub\vaadin\vaadin-lumo-styles\1.5.0\vaadin-lumo-styles-1.5.0.jar;C:\Users\PTGIN\.m2\repository\org\webjars\bowergithub\polymerelements\iron-icon\2.1.0\iron-icon-2.1.0.jar;C:\Users\PTGIN\.m2\repository\org\webjars\bowergithub\polymerelements\iron-meta\2.1.1\iron-meta-2.1.1.jar;C:\Users\PTGIN\.m2\repository\org\webjars\bowergithub\polymerelements\iron-iconset-svg\2.2.1\iron-iconset-svg-2.2.1.jar;C:\Users\PTGIN\.m2\repository\org\webjars\bowergithub\polymerelements\iron-flex-layout\2.0.3\iron-flex-layout-2.0.3.jar;C:\Users\PTGIN\.m2\repository\org\webjars\bowergithub\polymer\polymer\2.7.0\polymer-2.7.0.jar;C:\Users\PTGIN\.m2\repository\org\webjars\bowergithub\webcomponents\webcomponentsjs\1.2.6\webcomponentsjs-1.2.6.jar;C:\Users\PTGIN\.m2\repository\org\webjars\bowergithub\webcomponents\shadycss\1.8.0\shadycss-1.8.0.jar;C:\Users\PTGIN\.m2\repository\com\vaadin\vaadin-material-theme\2.1.8\vaadin-material-theme-2.1.8.jar;C:\Users\PTGIN\.m2\repository\org\webjars\bowergithub\vaadin\vaadin-material-styles\1.2.3\vaadin-material-styles-1.2.3.jar;C:\Users\PTGIN\.m2\repository\com\vaadin\vaadin-accordion-flow\2.0.0\vaadin-accordion-flow-2.0.0.jar;C:\Users\PTGIN\.m2\repository\org\webjars\bowergithub\vaadin\vaadin-accordion\1.0.1\vaadin-accordion-1.0.1.jar;C:\Users\PTGIN\.m2\repository\org\webjars\bowergithub\vaadin\vaadin-details\1.0.1\vaadin-details-1.0.1.jar;C:\Users\PTGIN\.m2\repository\org\webjars\bowergithub\vaadin\vaadin-themable-mixin\1.5.2\vaadin-themable-mixin-1.5.2.jar;C:\Users\PTGIN\.m2\repository\org\webjars\bowergithub\vaadin\vaadin-element-mixin\2.2.0\vaadin-element-mixin-2.2.0.jar;C:\Users\PTGIN\.m2\repository\org\webjars\bowergithub\vaadin\vaadin-usage-statistics\2.1.0\vaadin-usage-statistics-2.1.0.jar;C:\Users\PTGIN\.m2\repository\org\webjars\bowergithub\vaadin\vaadin-development-mode-detector\2.0.4\vaadin-development-mode-detector-2.0.4.jar;C:\Users\PTGIN\.m2\repository\com\vaadin\vaadin-button-flow\2.0.2\vaadin-button-flow-2.0.2.jar;C:\Users\PTGIN\.m2\repository\org\webjars\bowergithub\vaadin\vaadin-button\2.2.2\vaadin-button-2.2.2.jar;C:\Users\PTGIN\.m2\repository\org\webjars\bowergithub\vaadin\vaadin-control-state-mixin\2.1.3\vaadin-control-state-mixin-2.1.3.jar;C:\Users\PTGIN\.m2\repository\com\vaadin\vaadin-checkbox-flow\2.0.5\vaadin-checkbox-flow-2.0.5.jar;C:\Users\PTGIN\.m2\repository\org\webjars\bowergithub\vaadin\vaadin-checkbox\2.2.13\vaadin-checkbox-2.2.13.jar;C:\Users\PTGIN\.m2\repository\com\vaadin\vaadin-combo-box-flow\3.0.9\vaadin-combo-box-flow-3.0.9.jar;C:\Users\PTGIN\.m2\repository\org\webjars\bowergithub\vaadin\vaadin-combo-box\5.0.11\vaadin-combo-box-5.0.11.jar;C:\Users\PTGIN\.m2\repository\org\webjars\bowergithub\vaadin\vaadin-text-field\2.5.5\vaadin-text-field-2.5.5.jar;C:\Users\PTGIN\.m2\repository\org\webjars\bowergithub\polymerelements\iron-resizable-behavior\2.1.1\iron-resizable-behavior-2.1.1.jar;C:\Users\PTGIN\.m2\repository\org\webjars\bowergithub\polymerelements\iron-a11y-announcer\2.1.0\iron-a11y-announcer-2.1.0.jar;C:\Users\PTGIN\.m2\repository\org\webjars\bowergithub\polymerelements\iron-list\2.0.19\iron-list-2.0.19.jar;C:\Users\PTGIN\.m2\repository\org\webjars\bowergithub\polymerelements\iron-scroll-target-behavior\2.1.1\iron-scroll-target-behavior-2.1.1.jar;C:\Users\PTGIN\.m2\repository\org\webjars\bowergithub\polymerelements\iron-a11y-keys-behavior\2.1.1\iron-a11y-keys-behavior-2.1.1.jar;C:\Users\PTGIN\.m2\repository\org\webjars\bowergithub\vaadin\vaadin-item\2.1.1\vaadin-item-2.1.1.jar;C:\Users\PTGIN\.m2\repository\org\webjars\bowergithub\vaadin\vaadin-overlay\3.2.19\vaadin-overlay-3.2.19.jar;C:\Users\PTGIN\.m2\repository\org\webjars\bowergithub\polymerelements\iron-overlay-behavior\2.3.4\iron-overlay-behavior-2.3.4.jar;C:\Users\PTGIN\.m2\repository\org\webjars\bowergithub\polymerelements\iron-fit-behavior\2.2.1\iron-fit-behavior-2.2.1.jar;C:\Users\PTGIN\.m2\repository\com\vaadin\vaadin-custom-field-flow\3.0.4\vaadin-custom-field-flow-3.0.4.jar;C:\Users\PTGIN\.m2\repository\org\webjars\bowergithub\vaadin\vaadin-custom-field\1.0.11\vaadin-custom-field-1.0.11.jar;C:\Users\PTGIN\.m2\repository\com\vaadin\vaadin-date-picker-flow\2.0.8\vaadin-date-picker-flow-2.0.8.jar;C:\Users\PTGIN\.m2\repository\org\webjars\bowergithub\vaadin\vaadin-date-picker\4.0.8\vaadin-date-picker-4.0.8.jar;C:\Users\PTGIN\.m2\repository\org\webjars\bowergithub\polymerelements\iron-media-query\2.1.0\iron-media-query-2.1.0.jar;C:\Users\PTGIN\.m2\repository\com\vaadin\vaadin-details-flow\2.0.0\vaadin-details-flow-2.0.0.jar;C:\Users\PTGIN\.m2\repository\com\vaadin\vaadin-time-picker-flow\2.0.6\vaadin-time-picker-flow-2.0.6.jar;C:\Users\PTGIN\.m2\repository\org\webjars\bowergithub\vaadin\vaadin-time-picker\2.0.7\vaadin-time-picker-2.0.7.jar;C:\Users\PTGIN\.m2\repository\com\vaadin\vaadin-select-flow\2.0.3\vaadin-select-flow-2.0.3.jar;C:\Users\PTGIN\.m2\repository\org\webjars\bowergithub\vaadin\vaadin-select\2.1.7\vaadin-select-2.1.7.jar;C:\Users\PTGIN\.m2\repository\org\webjars\bowergithub\vaadin\vaadin-list-box\1.2.0\vaadin-list-box-1.2.0.jar;C:\Users\PTGIN\.m2\repository\org\webjars\bowergithub\vaadin\vaadin-list-mixin\2.3.1\vaadin-list-mixin-2.3.1.jar;C:\Users\PTGIN\.m2\repository\com\vaadin\vaadin-dialog-flow\2.0.1\vaadin-dialog-flow-2.0.1.jar;C:\Users\PTGIN\.m2\repository\org\webjars\bowergithub\vaadin\vaadin-dialog\2.2.1\vaadin-dialog-2.2.1.jar;C:\Users\PTGIN\.m2\repository\com\vaadin\vaadin-form-layout-flow\2.0.3\vaadin-form-layout-flow-2.0.3.jar;C:\Users\PTGIN\.m2\repository\org\webjars\bowergithub\vaadin\vaadin-form-layout\2.1.7\vaadin-form-layout-2.1.7.jar;C:\Users\PTGIN\.m2\repository\com\vaadin\vaadin-grid-flow\4.1.3\vaadin-grid-flow-4.1.3.jar;C:\Users\PTGIN\.m2\repository\org\webjars\bowergithub\vaadin\vaadin-grid\5.5.2\vaadin-grid-5.5.2.jar;C:\Users\PTGIN\.m2\repository\org\apache\commons\commons-lang3\3.9\commons-lang3-3.9.jar;C:\Users\PTGIN\.m2\repository\com\vaadin\vaadin-icons-flow\2.0.3\vaadin-icons-flow-2.0.3.jar;C:\Users\PTGIN\.m2\repository\org\webjars\bowergithub\vaadin\vaadin-icons\4.3.1\vaadin-icons-4.3.1.jar;C:\Users\PTGIN\.m2\repository\com\vaadin\vaadin-iron-list-flow\2.0.0\vaadin-iron-list-flow-2.0.0.jar;C:\Users\PTGIN\.m2\repository\com\vaadin\vaadin-list-box-flow\2.1.1\vaadin-list-box-flow-2.1.1.jar;C:\Users\PTGIN\.m2\repository\com\vaadin\vaadin-login-flow\2.0.0\vaadin-login-flow-2.0.0.jar;C:\Users\PTGIN\.m2\repository\org\webjars\bowergithub\vaadin\vaadin-login\1.0.1\vaadin-login-1.0.1.jar;C:\Users\PTGIN\.m2\repository\com\vaadin\vaadin-ordered-layout-flow\2.0.0\vaadin-ordered-layout-flow-2.0.0.jar;C:\Users\PTGIN\.m2\repository\org\webjars\bowergithub\vaadin\vaadin-ordered-layout\1.1.0\vaadin-ordered-layout-1.1.0.jar;C:\Users\PTGIN\.m2\repository\com\vaadin\vaadin-progress-bar-flow\2.0.2\vaadin-progress-bar-flow-2.0.2.jar;C:\Users\PTGIN\.m2\repository\org\webjars\bowergithub\vaadin\vaadin-progress-bar\1.1.2\vaadin-progress-bar-1.1.2.jar;C:\Users\PTGIN\.m2\repository\com\vaadin\vaadin-radio-button-flow\2.0.4\vaadin-radio-button-flow-2.0.4.jar;C:\Users\PTGIN\.m2\repository\org\webjars\bowergithub\vaadin\vaadin-radio-button\1.2.6\vaadin-radio-button-1.2.6.jar;C:\Users\PTGIN\.m2\repository\com\vaadin\vaadin-split-layout-flow\2.0.3\vaadin-split-layout-flow-2.0.3.jar;C:\Users\PTGIN\.m2\repository\org\webjars\bowergithub\vaadin\vaadin-split-layout\4.1.1\vaadin-split-layout-4.1.1.jar;C:\Users\PTGIN\.m2\repository\com\vaadin\vaadin-tabs-flow\2.0.4\vaadin-tabs-flow-2.0.4.jar;C:\Users\PTGIN\.m2\repository\org\webjars\bowergithub\vaadin\vaadin-tabs\3.0.5\vaadin-tabs-3.0.5.jar;C:\Users\PTGIN\.m2\repository\com\vaadin\vaadin-text-field-flow\2.1.1\vaadin-text-field-flow-2.1.1.jar;C:\Users\PTGIN\.m2\repository\com\vaadin\vaadin-upload-flow\2.1.0\vaadin-upload-flow-2.1.0.jar;C:\Users\PTGIN\.m2\repository\org\webjars\bowergithub\vaadin\vaadin-upload\4.2.2\vaadin-upload-4.2.2.jar;C:\Users\PTGIN\.m2\repository\com\vaadin\vaadin-notification-flow\2.0.0\vaadin-notification-flow-2.0.0.jar;C:\Users\PTGIN\.m2\repository\org\webjars\bowergithub\vaadin\vaadin-notification\1.4.0\vaadin-notification-1.4.0.jar;C:\Users\PTGIN\.m2\repository\com\vaadin\vaadin-app-layout-flow\2.0.5\vaadin-app-layout-flow-2.0.5.jar;C:\Users\PTGIN\.m2\repository\org\webjars\bowergithub\vaadin\vaadin-app-layout\2.0.5\vaadin-app-layout-2.0.5.jar;C:\Users\PTGIN\.m2\repository\com\vaadin\vaadin-context-menu-flow\3.1.2\vaadin-context-menu-flow-3.1.2.jar;C:\Users\PTGIN\.m2\repository\org\webjars\bowergithub\vaadin\vaadin-context-menu\4.3.15\vaadin-context-menu-4.3.15.jar;C:\Users\PTGIN\.m2\repository\com\vaadin\vaadin-menu-bar-flow\1.0.2\vaadin-menu-bar-flow-1.0.2.jar;C:\Users\PTGIN\.m2\repository\org\webjars\bowergithub\vaadin\vaadin-menu-bar\1.0.3\vaadin-menu-bar-1.0.3.jar;C:\Users\PTGIN\.m2\repository\org\springframework\session\spring-session-jdbc\2.2.2.RELEASE\spring-session-jdbc-2.2.2.RELEASE.jar;C:\Users\PTGIN\.m2\repository\org\springframework\session\spring-session-core\2.2.2.RELEASE\spring-session-core-2.2.2.RELEASE.jar;C:\Users\PTGIN\.m2\repository\org\springframework\spring-jcl\5.2.5.RELEASE\spring-jcl-5.2.5.RELEASE.jar;C:\Users\PTGIN\.m2\repository\org\springframework\spring-context\5.2.5.RELEASE\spring-context-5.2.5.RELEASE.jar;C:\Users\PTGIN\.m2\repository\org\springframework\boot\spring-boot-devtools\2.2.6.RELEASE\spring-boot-devtools-2.2.6.RELEASE.jar;C:\Users\PTGIN\.m2\repository\org\springframework\boot\spring-boot\2.2.6.RELEASE\spring-boot-2.2.6.RELEASE.jar;C:\Users\PTGIN\.m2\repository\org\springframework\boot\spring-boot-autoconfigure\2.2.6.RELEASE\spring-boot-autoconfigure-2.2.6.RELEASE.jar;C:\Users\PTGIN\.m2\repository\com\microsoft\sqlserver\mssql-jdbc\7.4.1.jre8\mssql-jdbc-7.4.1.jre8.jar;C:\Users\PTGIN\.m2\repository\mysql\mysql-connector-java\8.0.19\mysql-connector-java-8.0.19.jar;C:\Users\PTGIN\.m2\repository\org\springframework\boot\spring-boot-starter-test\2.2.6.RELEASE\spring-boot-starter-test-2.2.6.RELEASE.jar;C:\Users\PTGIN\.m2\repository\org\springframework\boot\spring-boot-test\2.2.6.RELEASE\spring-boot-test-2.2.6.RELEASE.jar;C:\Users\PTGIN\.m2\repository\org\springframework\boot\spring-boot-test-autoconfigure\2.2.6.RELEASE\spring-boot-test-autoconfigure-2.2.6.RELEASE.jar;C:\Users\PTGIN\.m2\repository\com\jayway\jsonpath\json-path\2.4.0\json-path-2.4.0.jar;C:\Users\PTGIN\.m2\repository\net\minidev\json-smart\2.3\json-smart-2.3.jar;C:\Users\PTGIN\.m2\repository\net\minidev\accessors-smart\1.2\accessors-smart-1.2.jar;C:\Users\PTGIN\.m2\repository\org\ow2\asm\asm\5.0.4\asm-5.0.4.jar;C:\Users\PTGIN\.m2\repository\jakarta\xml\bind\jakarta.xml.bind-api\2.3.3\jakarta.xml.bind-api-2.3.3.jar;C:\Users\PTGIN\.m2\repository\org\junit\jupiter\junit-jupiter\5.5.2\junit-jupiter-5.5.2.jar;C:\Users\PTGIN\.m2\repository\org\junit\jupiter\junit-jupiter-api\5.5.2\junit-jupiter-api-5.5.2.jar;C:\Users\PTGIN\.m2\repository\org\apiguardian\apiguardian-api\1.1.0\apiguardian-api-1.1.0.jar;C:\Users\PTGIN\.m2\repository\org\opentest4j\opentest4j\1.2.0\opentest4j-1.2.0.jar;C:\Users\PTGIN\.m2\repository\org\junit\platform\junit-platform-commons\1.5.2\junit-platform-commons-1.5.2.jar;C:\Users\PTGIN\.m2\repository\org\junit\jupiter\junit-jupiter-params\5.5.2\junit-jupiter-params-5.5.2.jar;C:\Users\PTGIN\.m2\repository\org\junit\jupiter\junit-jupiter-engine\5.5.2\junit-jupiter-engine-5.5.2.jar;C:\Users\PTGIN\.m2\repository\org\junit\platform\junit-platform-engine\1.5.2\junit-platform-engine-1.5.2.jar;C:\Users\PTGIN\.m2\repository\org\mockito\mockito-junit-jupiter\3.1.0\mockito-junit-jupiter-3.1.0.jar;C:\Users\PTGIN\.m2\repository\org\assertj\assertj-core\3.13.2\assertj-core-3.13.2.jar;C:\Users\PTGIN\.m2\repository\org\hamcrest\hamcrest\2.1\hamcrest-2.1.jar;C:\Users\PTGIN\.m2\repository\org\mockito\mockito-core\3.1.0\mockito-core-3.1.0.jar;C:\Users\PTGIN\.m2\repository\net\bytebuddy\byte-buddy\1.10.8\byte-buddy-1.10.8.jar;C:\Users\PTGIN\.m2\repository\net\bytebuddy\byte-buddy-agent\1.10.8\byte-buddy-agent-1.10.8.jar;C:\Users\PTGIN\.m2\repository\org\objenesis\objenesis\2.6\objenesis-2.6.jar;C:\Users\PTGIN\.m2\repository\org\skyscreamer\jsonassert\1.5.0\jsonassert-1.5.0.jar;C:\Users\PTGIN\.m2\repository\com\vaadin\external\google\android-json\0.0.20131108.vaadin1\android-json-0.0.20131108.vaadin1.jar;C:\Users\PTGIN\.m2\repository\org\springframework\spring-core\5.2.5.RELEASE\spring-core-5.2.5.RELEASE.jar;C:\Users\PTGIN\.m2\repository\org\springframework\spring-test\5.2.5.RELEASE\spring-test-5.2.5.RELEASE.jar;C:\Users\PTGIN\.m2\repository\org\xmlunit\xmlunit-core\2.6.4\xmlunit-core-2.6.4.jar;"/>
    <property name="java.vm.vendor" value="Oracle Corporation"/>
    <property name="sun.arch.data.model" value="64"/>
    <property name="user.variant" value=""/>
    <property name="java.vendor.url" value="https://java.oracle.com/"/>
    <property name="user.timezone" value="America/New_York"/>
    <property name="os.name" value="Windows 10"/>
    <property name="java.vm.specification.version" value="13"/>
    <property name="user.country" value="US"/>
    <property name="sun.java.launcher" value="SUN_STANDARD"/>
    <property name="sun.boot.library.path" value="C:\Program Files\Java\jdk-13\bin"/>
    <property name="sun.java.command" value="C:\Users\PTGIN\AppData\Local\Temp\surefire9745395086627579109\surefirebooter7423022858530796389.jar C:\Users\PTGIN\AppData\Local\Temp\surefire9745395086627579109 2021-05-30T23-38-12_707-jvmRun1 surefire17547782323011268985tmp surefire_07729708484651341481tmp"/>
    <property name="jdk.debug" value="release"/>
    <property name="surefire.test.class.path" value="C:\Users\PTGIN\OneDrive\Documents\NetBeansProjects\ARBELBLOGMASTERY\target\test-classes;C:\Users\PTGIN\OneDrive\Documents\NetBeansProjects\ARBELBLOGMASTERY\target\classes;C:\Users\PTGIN\.m2\repository\org\springframework\boot\spring-boot-starter-data-jdbc\2.2.6.RELEASE\spring-boot-starter-data-jdbc-2.2.6.RELEASE.jar;C:\Users\PTGIN\.m2\repository\org\springframework\data\spring-data-jdbc\1.1.6.RELEASE\spring-data-jdbc-1.1.6.RELEASE.jar;C:\Users\PTGIN\.m2\repository\org\springframework\data\spring-data-relational\1.1.6.RELEASE\spring-data-relational-1.1.6.RELEASE.jar;C:\Users\PTGIN\.m2\repository\org\springframework\data\spring-data-commons\2.2.6.RELEASE\spring-data-commons-2.2.6.RELEASE.jar;C:\Users\PTGIN\.m2\repository\org\springframework\spring-tx\5.2.5.RELEASE\spring-tx-5.2.5.RELEASE.jar;C:\Users\PTGIN\.m2\repository\org\springframework\spring-beans\5.2.5.RELEASE\spring-beans-5.2.5.RELEASE.jar;C:\Users\PTGIN\.m2\repository\org\slf4j\slf4j-api\1.7.30\slf4j-api-1.7.30.jar;C:\Users\PTGIN\.m2\repository\org\springframework\boot\spring-boot-starter-data-rest\2.2.6.RELEASE\spring-boot-starter-data-rest-2.2.6.RELEASE.jar;C:\Users\PTGIN\.m2\repository\org\springframework\data\spring-data-rest-webmvc\3.2.6.RELEASE\spring-data-rest-webmvc-3.2.6.RELEASE.jar;C:\Users\PTGIN\.m2\repository\org\springframework\data\spring-data-rest-core\3.2.6.RELEASE\spring-data-rest-core-3.2.6.RELEASE.jar;C:\Users\PTGIN\.m2\repository\org\springframework\hateoas\spring-hateoas\1.0.4.RELEASE\spring-hateoas-1.0.4.RELEASE.jar;C:\Users\PTGIN\.m2\repository\org\springframework\plugin\spring-plugin-core\2.0.0.RELEASE\spring-plugin-core-2.0.0.RELEASE.jar;C:\Users\PTGIN\.m2\repository\org\atteo\evo-inflector\1.2.2\evo-inflector-1.2.2.jar;C:\Users\PTGIN\.m2\repository\com\fasterxml\jackson\core\jackson-databind\2.10.3\jackson-databind-2.10.3.jar;C:\Users\PTGIN\.m2\repository\com\fasterxml\jackson\core\jackson-core\2.10.3\jackson-core-2.10.3.jar;C:\Users\PTGIN\.m2\repository\com\fasterxml\jackson\core\jackson-annotations\2.10.3\jackson-annotations-2.10.3.jar;C:\Users\PTGIN\.m2\repository\org\springframework\boot\spring-boot-starter-jdbc\2.2.6.RELEASE\spring-boot-starter-jdbc-2.2.6.RELEASE.jar;C:\Users\PTGIN\.m2\repository\org\springframework\boot\spring-boot-starter\2.2.6.RELEASE\spring-boot-starter-2.2.6.RELEASE.jar;C:\Users\PTGIN\.m2\repository\org\springframework\boot\spring-boot-starter-logging\2.2.6.RELEASE\spring-boot-starter-logging-2.2.6.RELEASE.jar;C:\Users\PTGIN\.m2\repository\ch\qos\logback\logback-classic\1.2.3\logback-classic-1.2.3.jar;C:\Users\PTGIN\.m2\repository\ch\qos\logback\logback-core\1.2.3\logback-core-1.2.3.jar;C:\Users\PTGIN\.m2\repository\org\apache\logging\log4j\log4j-to-slf4j\2.12.1\log4j-to-slf4j-2.12.1.jar;C:\Users\PTGIN\.m2\repository\org\apache\logging\log4j\log4j-api\2.12.1\log4j-api-2.12.1.jar;C:\Users\PTGIN\.m2\repository\org\slf4j\jul-to-slf4j\1.7.30\jul-to-slf4j-1.7.30.jar;C:\Users\PTGIN\.m2\repository\jakarta\annotation\jakarta.annotation-api\1.3.5\jakarta.annotation-api-1.3.5.jar;C:\Users\PTGIN\.m2\repository\org\yaml\snakeyaml\1.25\snakeyaml-1.25.jar;C:\Users\PTGIN\.m2\repository\com\zaxxer\HikariCP\3.4.2\HikariCP-3.4.2.jar;C:\Users\PTGIN\.m2\repository\org\springframework\spring-jdbc\5.2.5.RELEASE\spring-jdbc-5.2.5.RELEASE.jar;C:\Users\PTGIN\.m2\repository\org\springframework\boot\spring-boot-starter-thymeleaf\2.2.6.RELEASE\spring-boot-starter-thymeleaf-2.2.6.RELEASE.jar;C:\Users\PTGIN\.m2\repository\org\thymeleaf\thymeleaf-spring5\3.0.11.RELEASE\thymeleaf-spring5-3.0.11.RELEASE.jar;C:\Users\PTGIN\.m2\repository\org\thymeleaf\thymeleaf\3.0.11.RELEASE\thymeleaf-3.0.11.RELEASE.jar;C:\Users\PTGIN\.m2\repository\org\attoparser\attoparser\2.0.5.RELEASE\attoparser-2.0.5.RELEASE.jar;C:\Users\PTGIN\.m2\repository\org\unbescape\unbescape\1.1.6.RELEASE\unbescape-1.1.6.RELEASE.jar;C:\Users\PTGIN\.m2\repository\org\thymeleaf\extras\thymeleaf-extras-java8time\3.0.4.RELEASE\thymeleaf-extras-java8time-3.0.4.RELEASE.jar;C:\Users\PTGIN\.m2\repository\org\springframework\boot\spring-boot-starter-web\2.2.6.RELEASE\spring-boot-starter-web-2.2.6.RELEASE.jar;C:\Users\PTGIN\.m2\repository\org\springframework\boot\spring-boot-starter-json\2.2.6.RELEASE\spring-boot-starter-json-2.2.6.RELEASE.jar;C:\Users\PTGIN\.m2\repository\com\fasterxml\jackson\datatype\jackson-datatype-jdk8\2.10.3\jackson-datatype-jdk8-2.10.3.jar;C:\Users\PTGIN\.m2\repository\com\fasterxml\jackson\datatype\jackson-datatype-jsr310\2.10.3\jackson-datatype-jsr310-2.10.3.jar;C:\Users\PTGIN\.m2\repository\com\fasterxml\jackson\module\jackson-module-parameter-names\2.10.3\jackson-module-parameter-names-2.10.3.jar;C:\Users\PTGIN\.m2\repository\org\springframework\boot\spring-boot-starter-tomcat\2.2.6.RELEASE\spring-boot-starter-tomcat-2.2.6.RELEASE.jar;C:\Users\PTGIN\.m2\repository\org\apache\tomcat\embed\tomcat-embed-core\9.0.33\tomcat-embed-core-9.0.33.jar;C:\Users\PTGIN\.m2\repository\org\apache\tomcat\embed\tomcat-embed-el\9.0.33\tomcat-embed-el-9.0.33.jar;C:\Users\PTGIN\.m2\repository\org\apache\tomcat\embed\tomcat-embed-websocket\9.0.33\tomcat-embed-websocket-9.0.33.jar;C:\Users\PTGIN\.m2\repository\org\springframework\boot\spring-boot-starter-validation\2.2.6.RELEASE\spring-boot-starter-validation-2.2.6.RELEASE.jar;C:\Users\PTGIN\.m2\repository\jakarta\validation\jakarta.validation-api\2.0.2\jakarta.validation-api-2.0.2.jar;C:\Users\PTGIN\.m2\repository\org\hibernate\validator\hibernate-validator\6.0.18.Final\hibernate-validator-6.0.18.Final.jar;C:\Users\PTGIN\.m2\repository\org\jboss\logging\jboss-logging\3.4.1.Final\jboss-logging-3.4.1.Final.jar;C:\Users\PTGIN\.m2\repository\com\fasterxml\classmate\1.5.1\classmate-1.5.1.jar;C:\Users\PTGIN\.m2\repository\org\springframework\spring-web\5.2.5.RELEASE\spring-web-5.2.5.RELEASE.jar;C:\Users\PTGIN\.m2\repository\org\springframework\spring-webmvc\5.2.5.RELEASE\spring-webmvc-5.2.5.RELEASE.jar;C:\Users\PTGIN\.m2\repository\org\springframework\spring-aop\5.2.5.RELEASE\spring-aop-5.2.5.RELEASE.jar;C:\Users\PTGIN\.m2\repository\org\springframework\spring-expression\5.2.5.RELEASE\spring-expression-5.2.5.RELEASE.jar;C:\Users\PTGIN\.m2\repository\org\springframework\boot\spring-boot-starter-web-services\2.2.6.RELEASE\spring-boot-starter-web-services-2.2.6.RELEASE.jar;C:\Users\PTGIN\.m2\repository\com\sun\xml\messaging\saaj\saaj-impl\1.5.1\saaj-impl-1.5.1.jar;C:\Users\PTGIN\.m2\repository\jakarta\activation\jakarta.activation-api\1.2.2\jakarta.activation-api-1.2.2.jar;C:\Users\PTGIN\.m2\repository\jakarta\xml\soap\jakarta.xml.soap-api\1.4.2\jakarta.xml.soap-api-1.4.2.jar;C:\Users\PTGIN\.m2\repository\org\jvnet\mimepull\mimepull\1.9.13\mimepull-1.9.13.jar;C:\Users\PTGIN\.m2\repository\org\jvnet\staxex\stax-ex\1.8.1\stax-ex-1.8.1.jar;C:\Users\PTGIN\.m2\repository\jakarta\xml\ws\jakarta.xml.ws-api\2.3.3\jakarta.xml.ws-api-2.3.3.jar;C:\Users\PTGIN\.m2\repository\jakarta\jws\jakarta.jws-api\2.1.0\jakarta.jws-api-2.1.0.jar;C:\Users\PTGIN\.m2\repository\org\springframework\spring-oxm\5.2.5.RELEASE\spring-oxm-5.2.5.RELEASE.jar;C:\Users\PTGIN\.m2\repository\org\springframework\ws\spring-ws-core\3.0.8.RELEASE\spring-ws-core-3.0.8.RELEASE.jar;C:\Users\PTGIN\.m2\repository\org\springframework\ws\spring-xml\3.0.8.RELEASE\spring-xml-3.0.8.RELEASE.jar;C:\Users\PTGIN\.m2\repository\com\vaadin\vaadin-spring-boot-starter\14.1.25\vaadin-spring-boot-starter-14.1.25.jar;C:\Users\PTGIN\.m2\repository\com\vaadin\vaadin-spring\12.1.4\vaadin-spring-12.1.4.jar;C:\Users\PTGIN\.m2\repository\com\vaadin\flow-server\2.1.8\flow-server-2.1.8.jar;C:\Users\PTGIN\.m2\repository\com\vaadin\external\gwt\gwt-elemental\2.8.2.vaadin2\gwt-elemental-2.8.2.vaadin2.jar;C:\Users\PTGIN\.m2\repository\commons-fileupload\commons-fileupload\1.3.3\commons-fileupload-1.3.3.jar;C:\Users\PTGIN\.m2\repository\commons-io\commons-io\2.5\commons-io-2.5.jar;C:\Users\PTGIN\.m2\repository\org\jsoup\jsoup\1.12.1\jsoup-1.12.1.jar;C:\Users\PTGIN\.m2\repository\com\helger\ph-css\6.1.1\ph-css-6.1.1.jar;C:\Users\PTGIN\.m2\repository\com\helger\ph-commons\9.1.2\ph-commons-9.1.2.jar;C:\Users\PTGIN\.m2\repository\com\vaadin\external\gentyref\1.2.0.vaadin1\gentyref-1.2.0.vaadin1.jar;C:\Users\PTGIN\.m2\repository\com\vaadin\flow-push\2.1.8\flow-push-2.1.8.jar;C:\Users\PTGIN\.m2\repository\com\vaadin\external\atmosphere\atmosphere-runtime\2.4.30.slf4jvaadin1\atmosphere-runtime-2.4.30.slf4jvaadin1.jar;C:\Users\PTGIN\.m2\repository\com\vaadin\flow-client\2.1.8\flow-client-2.1.8.jar;C:\Users\PTGIN\.m2\repository\org\springframework\spring-websocket\5.2.5.RELEASE\spring-websocket-5.2.5.RELEASE.jar;C:\Users\PTGIN\.m2\repository\com\vaadin\vaadin-core\14.1.25\vaadin-core-14.1.25.jar;C:\Users\PTGIN\.m2\repository\com\vaadin\flow-html-components\2.1.8\flow-html-components-2.1.8.jar;C:\Users\PTGIN\.m2\repository\com\vaadin\flow-data\2.1.8\flow-data-2.1.8.jar;C:\Users\PTGIN\.m2\repository\javax\validation\validation-api\2.0.1.Final\validation-api-2.0.1.Final.jar;C:\Users\PTGIN\.m2\repository\com\vaadin\flow-dnd\2.1.8\flow-dnd-2.1.8.jar;C:\Users\PTGIN\.m2\repository\org\webjars\npm\vaadin__vaadin-mobile-drag-drop\1.0.0\vaadin__vaadin-mobile-drag-drop-1.0.0.jar;C:\Users\PTGIN\.m2\repository\org\webjars\npm\mobile-drag-drop\2.3.0-rc.1\mobile-drag-drop-2.3.0-rc.1.jar;C:\Users\PTGIN\.m2\repository\com\vaadin\vaadin-lumo-theme\2.1.8\vaadin-lumo-theme-2.1.8.jar;C:\Users\PTGIN\.m2\repository\org\webjars\bowergithub\vaadin\vaadin-lumo-styles\1.5.0\vaadin-lumo-styles-1.5.0.jar;C:\Users\PTGIN\.m2\repository\org\webjars\bowergithub\polymerelements\iron-icon\2.1.0\iron-icon-2.1.0.jar;C:\Users\PTGIN\.m2\repository\org\webjars\bowergithub\polymerelements\iron-meta\2.1.1\iron-meta-2.1.1.jar;C:\Users\PTGIN\.m2\repository\org\webjars\bowergithub\polymerelements\iron-iconset-svg\2.2.1\iron-iconset-svg-2.2.1.jar;C:\Users\PTGIN\.m2\repository\org\webjars\bowergithub\polymerelements\iron-flex-layout\2.0.3\iron-flex-layout-2.0.3.jar;C:\Users\PTGIN\.m2\repository\org\webjars\bowergithub\polymer\polymer\2.7.0\polymer-2.7.0.jar;C:\Users\PTGIN\.m2\repository\org\webjars\bowergithub\webcomponents\webcomponentsjs\1.2.6\webcomponentsjs-1.2.6.jar;C:\Users\PTGIN\.m2\repository\org\webjars\bowergithub\webcomponents\shadycss\1.8.0\shadycss-1.8.0.jar;C:\Users\PTGIN\.m2\repository\com\vaadin\vaadin-material-theme\2.1.8\vaadin-material-theme-2.1.8.jar;C:\Users\PTGIN\.m2\repository\org\webjars\bowergithub\vaadin\vaadin-material-styles\1.2.3\vaadin-material-styles-1.2.3.jar;C:\Users\PTGIN\.m2\repository\com\vaadin\vaadin-accordion-flow\2.0.0\vaadin-accordion-flow-2.0.0.jar;C:\Users\PTGIN\.m2\repository\org\webjars\bowergithub\vaadin\vaadin-accordion\1.0.1\vaadin-accordion-1.0.1.jar;C:\Users\PTGIN\.m2\repository\org\webjars\bowergithub\vaadin\vaadin-details\1.0.1\vaadin-details-1.0.1.jar;C:\Users\PTGIN\.m2\repository\org\webjars\bowergithub\vaadin\vaadin-themable-mixin\1.5.2\vaadin-themable-mixin-1.5.2.jar;C:\Users\PTGIN\.m2\repository\org\webjars\bowergithub\vaadin\vaadin-element-mixin\2.2.0\vaadin-element-mixin-2.2.0.jar;C:\Users\PTGIN\.m2\repository\org\webjars\bowergithub\vaadin\vaadin-usage-statistics\2.1.0\vaadin-usage-statistics-2.1.0.jar;C:\Users\PTGIN\.m2\repository\org\webjars\bowergithub\vaadin\vaadin-development-mode-detector\2.0.4\vaadin-development-mode-detector-2.0.4.jar;C:\Users\PTGIN\.m2\repository\com\vaadin\vaadin-button-flow\2.0.2\vaadin-button-flow-2.0.2.jar;C:\Users\PTGIN\.m2\repository\org\webjars\bowergithub\vaadin\vaadin-button\2.2.2\vaadin-button-2.2.2.jar;C:\Users\PTGIN\.m2\repository\org\webjars\bowergithub\vaadin\vaadin-control-state-mixin\2.1.3\vaadin-control-state-mixin-2.1.3.jar;C:\Users\PTGIN\.m2\repository\com\vaadin\vaadin-checkbox-flow\2.0.5\vaadin-checkbox-flow-2.0.5.jar;C:\Users\PTGIN\.m2\repository\org\webjars\bowergithub\vaadin\vaadin-checkbox\2.2.13\vaadin-checkbox-2.2.13.jar;C:\Users\PTGIN\.m2\repository\com\vaadin\vaadin-combo-box-flow\3.0.9\vaadin-combo-box-flow-3.0.9.jar;C:\Users\PTGIN\.m2\repository\org\webjars\bowergithub\vaadin\vaadin-combo-box\5.0.11\vaadin-combo-box-5.0.11.jar;C:\Users\PTGIN\.m2\repository\org\webjars\bowergithub\vaadin\vaadin-text-field\2.5.5\vaadin-text-field-2.5.5.jar;C:\Users\PTGIN\.m2\repository\org\webjars\bowergithub\polymerelements\iron-resizable-behavior\2.1.1\iron-resizable-behavior-2.1.1.jar;C:\Users\PTGIN\.m2\repository\org\webjars\bowergithub\polymerelements\iron-a11y-announcer\2.1.0\iron-a11y-announcer-2.1.0.jar;C:\Users\PTGIN\.m2\repository\org\webjars\bowergithub\polymerelements\iron-list\2.0.19\iron-list-2.0.19.jar;C:\Users\PTGIN\.m2\repository\org\webjars\bowergithub\polymerelements\iron-scroll-target-behavior\2.1.1\iron-scroll-target-behavior-2.1.1.jar;C:\Users\PTGIN\.m2\repository\org\webjars\bowergithub\polymerelements\iron-a11y-keys-behavior\2.1.1\iron-a11y-keys-behavior-2.1.1.jar;C:\Users\PTGIN\.m2\repository\org\webjars\bowergithub\vaadin\vaadin-item\2.1.1\vaadin-item-2.1.1.jar;C:\Users\PTGIN\.m2\repository\org\webjars\bowergithub\vaadin\vaadin-overlay\3.2.19\vaadin-overlay-3.2.19.jar;C:\Users\PTGIN\.m2\repository\org\webjars\bowergithub\polymerelements\iron-overlay-behavior\2.3.4\iron-overlay-behavior-2.3.4.jar;C:\Users\PTGIN\.m2\repository\org\webjars\bowergithub\polymerelements\iron-fit-behavior\2.2.1\iron-fit-behavior-2.2.1.jar;C:\Users\PTGIN\.m2\repository\com\vaadin\vaadin-custom-field-flow\3.0.4\vaadin-custom-field-flow-3.0.4.jar;C:\Users\PTGIN\.m2\repository\org\webjars\bowergithub\vaadin\vaadin-custom-field\1.0.11\vaadin-custom-field-1.0.11.jar;C:\Users\PTGIN\.m2\repository\com\vaadin\vaadin-date-picker-flow\2.0.8\vaadin-date-picker-flow-2.0.8.jar;C:\Users\PTGIN\.m2\repository\org\webjars\bowergithub\vaadin\vaadin-date-picker\4.0.8\vaadin-date-picker-4.0.8.jar;C:\Users\PTGIN\.m2\repository\org\webjars\bowergithub\polymerelements\iron-media-query\2.1.0\iron-media-query-2.1.0.jar;C:\Users\PTGIN\.m2\repository\com\vaadin\vaadin-details-flow\2.0.0\vaadin-details-flow-2.0.0.jar;C:\Users\PTGIN\.m2\repository\com\vaadin\vaadin-time-picker-flow\2.0.6\vaadin-time-picker-flow-2.0.6.jar;C:\Users\PTGIN\.m2\repository\org\webjars\bowergithub\vaadin\vaadin-time-picker\2.0.7\vaadin-time-picker-2.0.7.jar;C:\Users\PTGIN\.m2\repository\com\vaadin\vaadin-select-flow\2.0.3\vaadin-select-flow-2.0.3.jar;C:\Users\PTGIN\.m2\repository\org\webjars\bowergithub\vaadin\vaadin-select\2.1.7\vaadin-select-2.1.7.jar;C:\Users\PTGIN\.m2\repository\org\webjars\bowergithub\vaadin\vaadin-list-box\1.2.0\vaadin-list-box-1.2.0.jar;C:\Users\PTGIN\.m2\repository\org\webjars\bowergithub\vaadin\vaadin-list-mixin\2.3.1\vaadin-list-mixin-2.3.1.jar;C:\Users\PTGIN\.m2\repository\com\vaadin\vaadin-dialog-flow\2.0.1\vaadin-dialog-flow-2.0.1.jar;C:\Users\PTGIN\.m2\repository\org\webjars\bowergithub\vaadin\vaadin-dialog\2.2.1\vaadin-dialog-2.2.1.jar;C:\Users\PTGIN\.m2\repository\com\vaadin\vaadin-form-layout-flow\2.0.3\vaadin-form-layout-flow-2.0.3.jar;C:\Users\PTGIN\.m2\repository\org\webjars\bowergithub\vaadin\vaadin-form-layout\2.1.7\vaadin-form-layout-2.1.7.jar;C:\Users\PTGIN\.m2\repository\com\vaadin\vaadin-grid-flow\4.1.3\vaadin-grid-flow-4.1.3.jar;C:\Users\PTGIN\.m2\repository\org\webjars\bowergithub\vaadin\vaadin-grid\5.5.2\vaadin-grid-5.5.2.jar;C:\Users\PTGIN\.m2\repository\org\apache\commons\commons-lang3\3.9\commons-lang3-3.9.jar;C:\Users\PTGIN\.m2\repository\com\vaadin\vaadin-icons-flow\2.0.3\vaadin-icons-flow-2.0.3.jar;C:\Users\PTGIN\.m2\repository\org\webjars\bowergithub\vaadin\vaadin-icons\4.3.1\vaadin-icons-4.3.1.jar;C:\Users\PTGIN\.m2\repository\com\vaadin\vaadin-iron-list-flow\2.0.0\vaadin-iron-list-flow-2.0.0.jar;C:\Users\PTGIN\.m2\repository\com\vaadin\vaadin-list-box-flow\2.1.1\vaadin-list-box-flow-2.1.1.jar;C:\Users\PTGIN\.m2\repository\com\vaadin\vaadin-login-flow\2.0.0\vaadin-login-flow-2.0.0.jar;C:\Users\PTGIN\.m2\repository\org\webjars\bowergithub\vaadin\vaadin-login\1.0.1\vaadin-login-1.0.1.jar;C:\Users\PTGIN\.m2\repository\com\vaadin\vaadin-ordered-layout-flow\2.0.0\vaadin-ordered-layout-flow-2.0.0.jar;C:\Users\PTGIN\.m2\repository\org\webjars\bowergithub\vaadin\vaadin-ordered-layout\1.1.0\vaadin-ordered-layout-1.1.0.jar;C:\Users\PTGIN\.m2\repository\com\vaadin\vaadin-progress-bar-flow\2.0.2\vaadin-progress-bar-flow-2.0.2.jar;C:\Users\PTGIN\.m2\repository\org\webjars\bowergithub\vaadin\vaadin-progress-bar\1.1.2\vaadin-progress-bar-1.1.2.jar;C:\Users\PTGIN\.m2\repository\com\vaadin\vaadin-radio-button-flow\2.0.4\vaadin-radio-button-flow-2.0.4.jar;C:\Users\PTGIN\.m2\repository\org\webjars\bowergithub\vaadin\vaadin-radio-button\1.2.6\vaadin-radio-button-1.2.6.jar;C:\Users\PTGIN\.m2\repository\com\vaadin\vaadin-split-layout-flow\2.0.3\vaadin-split-layout-flow-2.0.3.jar;C:\Users\PTGIN\.m2\repository\org\webjars\bowergithub\vaadin\vaadin-split-layout\4.1.1\vaadin-split-layout-4.1.1.jar;C:\Users\PTGIN\.m2\repository\com\vaadin\vaadin-tabs-flow\2.0.4\vaadin-tabs-flow-2.0.4.jar;C:\Users\PTGIN\.m2\repository\org\webjars\bowergithub\vaadin\vaadin-tabs\3.0.5\vaadin-tabs-3.0.5.jar;C:\Users\PTGIN\.m2\repository\com\vaadin\vaadin-text-field-flow\2.1.1\vaadin-text-field-flow-2.1.1.jar;C:\Users\PTGIN\.m2\repository\com\vaadin\vaadin-upload-flow\2.1.0\vaadin-upload-flow-2.1.0.jar;C:\Users\PTGIN\.m2\repository\org\webjars\bowergithub\vaadin\vaadin-upload\4.2.2\vaadin-upload-4.2.2.jar;C:\Users\PTGIN\.m2\repository\com\vaadin\vaadin-notification-flow\2.0.0\vaadin-notification-flow-2.0.0.jar;C:\Users\PTGIN\.m2\repository\org\webjars\bowergithub\vaadin\vaadin-notification\1.4.0\vaadin-notification-1.4.0.jar;C:\Users\PTGIN\.m2\repository\com\vaadin\vaadin-app-layout-flow\2.0.5\vaadin-app-layout-flow-2.0.5.jar;C:\Users\PTGIN\.m2\repository\org\webjars\bowergithub\vaadin\vaadin-app-layout\2.0.5\vaadin-app-layout-2.0.5.jar;C:\Users\PTGIN\.m2\repository\com\vaadin\vaadin-context-menu-flow\3.1.2\vaadin-context-menu-flow-3.1.2.jar;C:\Users\PTGIN\.m2\repository\org\webjars\bowergithub\vaadin\vaadin-context-menu\4.3.15\vaadin-context-menu-4.3.15.jar;C:\Users\PTGIN\.m2\repository\com\vaadin\vaadin-menu-bar-flow\1.0.2\vaadin-menu-bar-flow-1.0.2.jar;C:\Users\PTGIN\.m2\repository\org\webjars\bowergithub\vaadin\vaadin-menu-bar\1.0.3\vaadin-menu-bar-1.0.3.jar;C:\Users\PTGIN\.m2\repository\org\springframework\session\spring-session-jdbc\2.2.2.RELEASE\spring-session-jdbc-2.2.2.RELEASE.jar;C:\Users\PTGIN\.m2\repository\org\springframework\session\spring-session-core\2.2.2.RELEASE\spring-session-core-2.2.2.RELEASE.jar;C:\Users\PTGIN\.m2\repository\org\springframework\spring-jcl\5.2.5.RELEASE\spring-jcl-5.2.5.RELEASE.jar;C:\Users\PTGIN\.m2\repository\org\springframework\spring-context\5.2.5.RELEASE\spring-context-5.2.5.RELEASE.jar;C:\Users\PTGIN\.m2\repository\org\springframework\boot\spring-boot-devtools\2.2.6.RELEASE\spring-boot-devtools-2.2.6.RELEASE.jar;C:\Users\PTGIN\.m2\repository\org\springframework\boot\spring-boot\2.2.6.RELEASE\spring-boot-2.2.6.RELEASE.jar;C:\Users\PTGIN\.m2\repository\org\springframework\boot\spring-boot-autoconfigure\2.2.6.RELEASE\spring-boot-autoconfigure-2.2.6.RELEASE.jar;C:\Users\PTGIN\.m2\repository\com\microsoft\sqlserver\mssql-jdbc\7.4.1.jre8\mssql-jdbc-7.4.1.jre8.jar;C:\Users\PTGIN\.m2\repository\mysql\mysql-connector-java\8.0.19\mysql-connector-java-8.0.19.jar;C:\Users\PTGIN\.m2\repository\org\springframework\boot\spring-boot-starter-test\2.2.6.RELEASE\spring-boot-starter-test-2.2.6.RELEASE.jar;C:\Users\PTGIN\.m2\repository\org\springframework\boot\spring-boot-test\2.2.6.RELEASE\spring-boot-test-2.2.6.RELEASE.jar;C:\Users\PTGIN\.m2\repository\org\springframework\boot\spring-boot-test-autoconfigure\2.2.6.RELEASE\spring-boot-test-autoconfigure-2.2.6.RELEASE.jar;C:\Users\PTGIN\.m2\repository\com\jayway\jsonpath\json-path\2.4.0\json-path-2.4.0.jar;C:\Users\PTGIN\.m2\repository\net\minidev\json-smart\2.3\json-smart-2.3.jar;C:\Users\PTGIN\.m2\repository\net\minidev\accessors-smart\1.2\accessors-smart-1.2.jar;C:\Users\PTGIN\.m2\repository\org\ow2\asm\asm\5.0.4\asm-5.0.4.jar;C:\Users\PTGIN\.m2\repository\jakarta\xml\bind\jakarta.xml.bind-api\2.3.3\jakarta.xml.bind-api-2.3.3.jar;C:\Users\PTGIN\.m2\repository\org\junit\jupiter\junit-jupiter\5.5.2\junit-jupiter-5.5.2.jar;C:\Users\PTGIN\.m2\repository\org\junit\jupiter\junit-jupiter-api\5.5.2\junit-jupiter-api-5.5.2.jar;C:\Users\PTGIN\.m2\repository\org\apiguardian\apiguardian-api\1.1.0\apiguardian-api-1.1.0.jar;C:\Users\PTGIN\.m2\repository\org\opentest4j\opentest4j\1.2.0\opentest4j-1.2.0.jar;C:\Users\PTGIN\.m2\repository\org\junit\platform\junit-platform-commons\1.5.2\junit-platform-commons-1.5.2.jar;C:\Users\PTGIN\.m2\repository\org\junit\jupiter\junit-jupiter-params\5.5.2\junit-jupiter-params-5.5.2.jar;C:\Users\PTGIN\.m2\repository\org\junit\jupiter\junit-jupiter-engine\5.5.2\junit-jupiter-engine-5.5.2.jar;C:\Users\PTGIN\.m2\repository\org\junit\platform\junit-platform-engine\1.5.2\junit-platform-engine-1.5.2.jar;C:\Users\PTGIN\.m2\repository\org\mockito\mockito-junit-jupiter\3.1.0\mockito-junit-jupiter-3.1.0.jar;C:\Users\PTGIN\.m2\repository\org\assertj\assertj-core\3.13.2\assertj-core-3.13.2.jar;C:\Users\PTGIN\.m2\repository\org\hamcrest\hamcrest\2.1\hamcrest-2.1.jar;C:\Users\PTGIN\.m2\repository\org\mockito\mockito-core\3.1.0\mockito-core-3.1.0.jar;C:\Users\PTGIN\.m2\repository\net\bytebuddy\byte-buddy\1.10.8\byte-buddy-1.10.8.jar;C:\Users\PTGIN\.m2\repository\net\bytebuddy\byte-buddy-agent\1.10.8\byte-buddy-agent-1.10.8.jar;C:\Users\PTGIN\.m2\repository\org\objenesis\objenesis\2.6\objenesis-2.6.jar;C:\Users\PTGIN\.m2\repository\org\skyscreamer\jsonassert\1.5.0\jsonassert-1.5.0.jar;C:\Users\PTGIN\.m2\repository\com\vaadin\external\google\android-json\0.0.20131108.vaadin1\android-json-0.0.20131108.vaadin1.jar;C:\Users\PTGIN\.m2\repository\org\springframework\spring-core\5.2.5.RELEASE\spring-core-5.2.5.RELEASE.jar;C:\Users\PTGIN\.m2\repository\org\springframework\spring-test\5.2.5.RELEASE\spring-test-5.2.5.RELEASE.jar;C:\Users\PTGIN\.m2\repository\org\xmlunit\xmlunit-core\2.6.4\xmlunit-core-2.6.4.jar;"/>
    <property name="sun.cpu.endian" value="little"/>
    <property name="user.home" value="C:\Users\PTGIN"/>
    <property name="user.language" value="en"/>
    <property name="java.specification.vendor" value="Oracle Corporation"/>
    <property name="java.version.date" value="2019-09-17"/>
    <property name="java.home" value="C:\Program Files\Java\jdk-13"/>
    <property name="file.separator" value="\"/>
    <property name="basedir" value="C:\Users\PTGIN\OneDrive\Documents\NetBeansProjects\ARBELBLOGMASTERY"/>
    <property name="java.vm.compressedOopsMode" value="Zero based"/>
    <property name="line.separator" value="&#10;"/>
    <property name="java.vm.specification.vendor" value="Oracle Corporation"/>
    <property name="java.specification.name" value="Java Platform API Specification"/>
    <property name="surefire.real.class.path" value="C:\Users\PTGIN\AppData\Local\Temp\surefire9745395086627579109\surefirebooter7423022858530796389.jar"/>
    <property name="user.script" value=""/>
    <property name="sun.management.compiler" value="HotSpot 64-Bit Tiered Compilers"/>
    <property name="java.runtime.version" value="13+33"/>
    <property name="user.name" value="Arbel"/>
    <property name="path.separator" value=";"/>
    <property name="os.version" value="10.0"/>
    <property name="java.runtime.name" value="Java(TM) SE Runtime Environment"/>
    <property name="file.encoding" value="UTF-8"/>
    <property name="java.vm.name" value="Java HotSpot(TM) 64-Bit Server VM"/>
    <property name="maven.ext.class.path" value="C:\Program Files\NetBeans-11.1\netbeans\java\maven-nblib\netbeans-eventspy.jar"/>
    <property name="localRepository" value="C:\Users\PTGIN\.m2\repository"/>
    <property name="java.vendor.url.bug" value="https://bugreport.java.com/bugreport/"/>
    <property name="java.io.tmpdir" value="C:\Users\PTGIN\AppData\Local\Temp\"/>
    <property name="java.version" value="13"/>
    <property name="user.dir" value="C:\Users\PTGIN\OneDrive\Documents\NetBeansProjects\ARBELBLOGMASTERY"/>
    <property name="os.arch" value="amd64"/>
    <property name="java.vm.specification.name" value="Java Virtual Machine Specification"/>
    <property name="sun.os.patch.level" value=""/>
    <property name="java.library.path" value="C:\Program Files\Java\jdk-13\bin;C:\WINDOWS\Sun\Java\bin;C:\WINDOWS\system32;C:\WINDOWS;C:\Program Files\AdoptOpenJDK\jdk-11.0.4.11-hotspot\bin;C:\Program Files (x86)\Common Files\Oracle\Java\javapath;C:\WINDOWS\system32;C:\WINDOWS;C:\WINDOWS\System32\Wbem;C:\WINDOWS\System32\WindowsPowerShell\v1.0\;C:\WINDOWS\System32\OpenSSH\;C:\Program Files (x86)\Brackets\command;C:\Program Files\Git\cmd;C:\Program Files (x86)\Sennheiser\Sennheiser Updater\;C:\Users\PTGIN\AppData\Local\Programs\Python\Python38-32\Scripts\;C:\Users\PTGIN\AppData\Local\Programs\Python\Python38-32\;C:\Program Files\MySQL\MySQL Shell 8.0\bin\;C:\Users\PTGIN\AppData\Local\Microsoft\WindowsApps;C:\Users\PTGIN\AppData\Local\hyper\app-3.0.2\resources\bin;C:\Users\PTGIN\AppData\Local\atom\bin;C:\Users\PTGIN\AppData\Local\Programs\Microsoft VS Code\bin;C:\Users\PTGIN\AppData\Local\GitHubDesktop\bin;%USERPROFILE%\AppData\Local\Microsoft\WindowsApps;;."/>
    <property name="java.vm.info" value="mixed mode, sharing"/>
    <property name="java.vendor" value="Oracle Corporation"/>
    <property name="java.vm.version" value="13+33"/>
    <property name="sun.io.unicode.encoding" value="UnicodeLittle"/>
    <property name="java.class.version" value="57.0"/>
  </properties>
  <testcase name="contextLoads" classname="com.sg.ArbelBlogMastery.ArbelBlogMasteryApplicationTests" time="0.008">
    <error message="Failed to load ApplicationContext" type="java.lang.IllegalStateException">java.lang.IllegalStateException: Failed to load ApplicationContext
Caused by: org.springframework.beans.factory.BeanCreationException: Error creating bean with name 'dataSource' defined in class path resource [org/springframework/boot/autoconfigure/jdbc/DataSourceConfiguration$Hikari.class]: Bean instantiation via factory method failed; nested exception is org.springframework.beans.BeanInstantiationException: Failed to instantiate [com.zaxxer.hikari.HikariDataSource]: Factory method 'dataSource' threw exception; nested exception is org.springframework.boot.autoconfigure.jdbc.DataSourceProperties$DataSourceBeanCreationException: Failed to determine a suitable driver class
Caused by: org.springframework.beans.BeanInstantiationException: Failed to instantiate [com.zaxxer.hikari.HikariDataSource]: Factory method 'dataSource' threw exception; nested exception is org.springframework.boot.autoconfigure.jdbc.DataSourceProperties$DataSourceBeanCreationException: Failed to determine a suitable driver class
Caused by: org.springframework.boot.autoconfigure.jdbc.DataSourceProperties$DataSourceBeanCreationException: Failed to determine a suitable driver class
</error>
    <system-out><![CDATA[23:38:14.621 [main] DEBUG org.springframework.test.context.BootstrapUtils - Instantiating CacheAwareContextLoaderDelegate from class [org.springframework.test.context.cache.DefaultCacheAwareContextLoaderDelegate]
23:38:14.639 [main] DEBUG org.springframework.test.context.BootstrapUtils - Instantiating BootstrapContext using constructor [public org.springframework.test.context.support.DefaultBootstrapContext(java.lang.Class,org.springframework.test.context.CacheAwareContextLoaderDelegate)]
23:38:14.681 [main] DEBUG org.springframework.test.context.BootstrapUtils - Instantiating TestContextBootstrapper for test class [com.sg.ArbelBlogMastery.ArbelBlogMasteryApplicationTests] from class [org.springframework.boot.test.context.SpringBootTestContextBootstrapper]
23:38:14.729 [main] INFO org.springframework.boot.test.context.SpringBootTestContextBootstrapper - Neither @ContextConfiguration nor @ContextHierarchy found for test class [com.sg.ArbelBlogMastery.ArbelBlogMasteryApplicationTests], using SpringBootContextLoader
23:38:14.743 [main] DEBUG org.springframework.test.context.support.AbstractContextLoader - Did not detect default resource location for test class [com.sg.ArbelBlogMastery.ArbelBlogMasteryApplicationTests]: class path resource [com/sg/ArbelBlogMastery/ArbelBlogMasteryApplicationTests-context.xml] does not exist
23:38:14.747 [main] DEBUG org.springframework.test.context.support.AbstractContextLoader - Did not detect default resource location for test class [com.sg.ArbelBlogMastery.ArbelBlogMasteryApplicationTests]: class path resource [com/sg/ArbelBlogMastery/ArbelBlogMasteryApplicationTestsContext.groovy] does not exist
23:38:14.747 [main] INFO org.springframework.test.context.support.AbstractContextLoader - Could not detect default resource locations for test class [com.sg.ArbelBlogMastery.ArbelBlogMasteryApplicationTests]: no resource found for suffixes {-context.xml, Context.groovy}.
23:38:14.750 [main] INFO org.springframework.test.context.support.AnnotationConfigContextLoaderUtils - Could not detect default configuration classes for test class [com.sg.ArbelBlogMastery.ArbelBlogMasteryApplicationTests]: ArbelBlogMasteryApplicationTests does not declare any static, non-private, non-final, nested classes annotated with @Configuration.
23:38:14.940 [main] DEBUG org.springframework.test.context.support.ActiveProfilesUtils - Could not find an 'annotation declaring class' for annotation type [org.springframework.test.context.ActiveProfiles] and class [com.sg.ArbelBlogMastery.ArbelBlogMasteryApplicationTests]
23:38:15.201 [main] DEBUG org.springframework.context.annotation.ClassPathScanningCandidateComponentProvider - Identified candidate component class: file [C:\Users\PTGIN\OneDrive\Documents\NetBeansProjects\ARBELBLOGMASTERY\target\classes\com\sg\ArbelBlogMastery\ArbelBlogMasteryApplication.class]
23:38:15.207 [main] INFO org.springframework.boot.test.context.SpringBootTestContextBootstrapper - Found @SpringBootConfiguration com.sg.ArbelBlogMastery.ArbelBlogMasteryApplication for test class com.sg.ArbelBlogMastery.ArbelBlogMasteryApplicationTests
23:38:15.563 [main] DEBUG org.springframework.boot.test.context.SpringBootTestContextBootstrapper - @TestExecutionListeners is not present for class [com.sg.ArbelBlogMastery.ArbelBlogMasteryApplicationTests]: using defaults.
23:38:15.564 [main] INFO org.springframework.boot.test.context.SpringBootTestContextBootstrapper - Loaded default TestExecutionListener class names from location [META-INF/spring.factories]: [org.springframework.boot.test.mock.mockito.MockitoTestExecutionListener, org.springframework.boot.test.mock.mockito.ResetMocksTestExecutionListener, org.springframework.boot.test.autoconfigure.restdocs.RestDocsTestExecutionListener, org.springframework.boot.test.autoconfigure.web.client.MockRestServiceServerResetTestExecutionListener, org.springframework.boot.test.autoconfigure.web.servlet.MockMvcPrintOnlyOnFailureTestExecutionListener, org.springframework.boot.test.autoconfigure.web.servlet.WebDriverTestExecutionListener, org.springframework.test.context.web.ServletTestExecutionListener, org.springframework.test.context.support.DirtiesContextBeforeModesTestExecutionListener, org.springframework.test.context.support.DependencyInjectionTestExecutionListener, org.springframework.test.context.support.DirtiesContextTestExecutionListener, org.springframework.test.context.transaction.TransactionalTestExecutionListener, org.springframework.test.context.jdbc.SqlScriptsTestExecutionListener, org.springframework.test.context.event.EventPublishingTestExecutionListener]
23:38:15.613 [main] INFO org.springframework.boot.test.context.SpringBootTestContextBootstrapper - Using TestExecutionListeners: [org.springframework.test.context.web.ServletTestExecutionListener@73d983ea, org.springframework.test.context.support.DirtiesContextBeforeModesTestExecutionListener@36a5cabc, org.springframework.boot.test.mock.mockito.MockitoTestExecutionListener@432038ec, org.springframework.boot.test.autoconfigure.SpringBootDependencyInjectionTestExecutionListener@7daa0fbd, org.springframework.test.context.support.DirtiesContextTestExecutionListener@42530531, org.springframework.test.context.transaction.TransactionalTestExecutionListener@5a3bc7ed, org.springframework.test.context.jdbc.SqlScriptsTestExecutionListener@181e731e, org.springframework.test.context.event.EventPublishingTestExecutionListener@35645047, org.springframework.boot.test.mock.mockito.ResetMocksTestExecutionListener@6f44a157, org.springframework.boot.test.autoconfigure.restdocs.RestDocsTestExecutionListener@6bc407fd, org.springframework.boot.test.autoconfigure.web.client.MockRestServiceServerResetTestExecutionListener@291f18, org.springframework.boot.test.autoconfigure.web.servlet.MockMvcPrintOnlyOnFailureTestExecutionListener@17d88132, org.springframework.boot.test.autoconfigure.web.servlet.WebDriverTestExecutionListener@5ddcc487]
23:38:15.624 [main] DEBUG org.springframework.test.context.support.AbstractDirtiesContextTestExecutionListener - Before test class: context [DefaultTestContext@c7ba306 testClass = ArbelBlogMasteryApplicationTests, testInstance = [null], testMethod = [null], testException = [null], mergedContextConfiguration = [WebMergedContextConfiguration@4ff8d125 testClass = ArbelBlogMasteryApplicationTests, locations = '{}', classes = '{class com.sg.ArbelBlogMastery.ArbelBlogMasteryApplication}', contextInitializerClasses = '[]', activeProfiles = '{}', propertySourceLocations = '{}', propertySourceProperties = '{org.springframework.boot.test.context.SpringBootTestContextBootstrapper=true}', contextCustomizers = set[org.springframework.boot.test.context.filter.ExcludeFilterContextCustomizer@2a54a73f, org.springframework.boot.test.json.DuplicateJsonObjectContextCustomizerFactory$DuplicateJsonObjectContextCustomizer@505fc5a4, org.springframework.boot.test.mock.mockito.MockitoContextCustomizer@0, org.springframework.boot.test.web.client.TestRestTemplateContextCustomizer@7205765b, org.springframework.boot.test.autoconfigure.properties.PropertyMappingContextCustomizer@0, org.springframework.boot.test.autoconfigure.web.servlet.WebDriverContextCustomizerFactory$Customizer@d5b810e], resourceBasePath = 'src/main/webapp', contextLoader = 'org.springframework.boot.test.context.SpringBootContextLoader', parent = [null]], attributes = map['org.springframework.test.context.web.ServletTestExecutionListener.activateListener' -> true]], class annotated with @DirtiesContext [false] with mode [null].
23:38:15.705 [main] DEBUG org.springframework.test.context.support.TestPropertySourceUtils - Adding inlined properties to environment: {spring.jmx.enabled=false, org.springframework.boot.test.context.SpringBootTestContextBootstrapper=true, server.port=-1}

  .   ____          _            __ _ _
 /\\ / ___'_ __ _ _(_)_ __  __ _ \ \ \ \
( ( )\___ | '_ | '_| | '_ \/ _` | \ \ \ \
 \\/  ___)| |_)| | | | | || (_| |  ) ) ) )
  '  |____| .__|_| |_|_| |_\__, | / / / /
 =========|_|==============|___/=/_/_/_/
 :: Spring Boot ::        (v2.2.6.RELEASE)

2021-05-30 23:38:16.230  INFO 19988 --- [           main] c.s.A.ArbelBlogMasteryApplicationTests   : Starting ArbelBlogMasteryApplicationTests on DESKTOP-VEUI8H4 with PID 19988 (started by Arbel in C:\Users\PTGIN\OneDrive\Documents\NetBeansProjects\ARBELBLOGMASTERY)
2021-05-30 23:38:16.232  INFO 19988 --- [           main] c.s.A.ArbelBlogMasteryApplicationTests   : No active profile set, falling back to default profiles: default
2021-05-30 23:38:17.684  INFO 19988 --- [           main] .s.d.r.c.RepositoryConfigurationDelegate : Bootstrapping Spring Data JDBC repositories in DEFAULT mode.
2021-05-30 23:38:17.744  INFO 19988 --- [           main] .s.d.r.c.RepositoryConfigurationDelegate : Finished Spring Data repository scanning in 43ms. Found 0 JDBC repository interfaces.
2021-05-30 23:38:18.843  INFO 19988 --- [           main] trationDelegate$BeanPostProcessorChecker : Bean 'org.springframework.ws.config.annotation.DelegatingWsConfiguration' of type [org.springframework.ws.config.annotation.DelegatingWsConfiguration$$EnhancerBySpringCGLIB$$8bebaec5] is not eligible for getting processed by all BeanPostProcessors (for example: not eligible for auto-proxying)
2021-05-30 23:38:18.971  INFO 19988 --- [           main] .w.s.a.s.AnnotationActionEndpointMapping : Supporting [WS-Addressing August 2004, WS-Addressing 1.0]
2021-05-30 23:38:20.761  INFO 19988 --- [           main] o.s.s.concurrent.ThreadPoolTaskExecutor  : Initializing ExecutorService 'applicationTaskExecutor'
2021-05-30 23:38:21.215  WARN 19988 --- [           main] ion$DefaultTemplateResolverConfiguration : Cannot find template location: classpath:/templates/ (please add some templates or check your Thymeleaf configuration)
2021-05-30 23:38:21.334  WARN 19988 --- [           main] o.s.w.c.s.GenericWebApplicationContext   : Exception encountered during context initialization - cancelling refresh attempt: org.springframework.beans.factory.BeanCreationException: Error creating bean with name 'dataSource' defined in class path resource [org/springframework/boot/autoconfigure/jdbc/DataSourceConfiguration$Hikari.class]: Bean instantiation via factory method failed; nested exception is org.springframework.beans.BeanInstantiationException: Failed to instantiate [com.zaxxer.hikari.HikariDataSource]: Factory method 'dataSource' threw exception; nested exception is org.springframework.boot.autoconfigure.jdbc.DataSourceProperties$DataSourceBeanCreationException: Failed to determine a suitable driver class
2021-05-30 23:38:21.335  INFO 19988 --- [           main] o.s.s.concurrent.ThreadPoolTaskExecutor  : Shutting down ExecutorService 'applicationTaskExecutor'
2021-05-30 23:38:21.348  INFO 19988 --- [           main] ConditionEvaluationReportLoggingListener : 

Error starting ApplicationContext. To display the conditions report re-run your application with 'debug' enabled.
2021-05-30 23:38:21.352 ERROR 19988 --- [           main] o.s.b.d.LoggingFailureAnalysisReporter   : 

***************************
APPLICATION FAILED TO START
***************************

Description:

Failed to configure a DataSource: 'url' attribute is not specified and no embedded datasource could be configured.

Reason: Failed to determine a suitable driver class


Action:

Consider the following:
	If you want an embedded database (H2, HSQL or Derby), please put it on the classpath.
	If you have database settings to be loaded from a particular profile you may need to activate it (no profiles are currently active).

2021-05-30 23:38:21.363 ERROR 19988 --- [           main] o.s.test.context.TestContextManager      : Caught exception while allowing TestExecutionListener [org.springframework.test.context.web.ServletTestExecutionListener@73d983ea] to prepare test instance [com.sg.ArbelBlogMastery.ArbelBlogMasteryApplicationTests@5fb7ab9c]

java.lang.IllegalStateException: Failed to load ApplicationContext
	at org.springframework.test.context.cache.DefaultCacheAwareContextLoaderDelegate.loadContext(DefaultCacheAwareContextLoaderDelegate.java:132) ~[spring-test-5.2.5.RELEASE.jar:5.2.5.RELEASE]
	at org.springframework.test.context.support.DefaultTestContext.getApplicationContext(DefaultTestContext.java:123) ~[spring-test-5.2.5.RELEASE.jar:5.2.5.RELEASE]
	at org.springframework.test.context.web.ServletTestExecutionListener.setUpRequestContextIfNecessary(ServletTestExecutionListener.java:190) ~[spring-test-5.2.5.RELEASE.jar:5.2.5.RELEASE]
	at org.springframework.test.context.web.ServletTestExecutionListener.prepareTestInstance(ServletTestExecutionListener.java:132) ~[spring-test-5.2.5.RELEASE.jar:5.2.5.RELEASE]
	at org.springframework.test.context.TestContextManager.prepareTestInstance(TestContextManager.java:244) ~[spring-test-5.2.5.RELEASE.jar:5.2.5.RELEASE]
	at org.springframework.test.context.junit.jupiter.SpringExtension.postProcessTestInstance(SpringExtension.java:98) ~[spring-test-5.2.5.RELEASE.jar:5.2.5.RELEASE]
	at org.junit.jupiter.engine.descriptor.ClassBasedTestDescriptor.lambda$invokeTestInstancePostProcessors$5(ClassBasedTestDescriptor.java:337) ~[junit-jupiter-engine-5.5.2.jar:5.5.2]
	at org.junit.jupiter.engine.descriptor.ClassBasedTestDescriptor.executeAndMaskThrowable(ClassBasedTestDescriptor.java:342) ~[junit-jupiter-engine-5.5.2.jar:5.5.2]
	at org.junit.jupiter.engine.descriptor.ClassBasedTestDescriptor.lambda$invokeTestInstancePostProcessors$6(ClassBasedTestDescriptor.java:337) ~[junit-jupiter-engine-5.5.2.jar:5.5.2]
	at java.base/java.util.stream.ReferencePipeline$3$1.accept(ReferencePipeline.java:195) ~[na:na]
	at java.base/java.util.stream.ReferencePipeline$2$1.accept(ReferencePipeline.java:177) ~[na:na]
	at java.base/java.util.ArrayList$ArrayListSpliterator.forEachRemaining(ArrayList.java:1621) ~[na:na]
	at java.base/java.util.stream.AbstractPipeline.copyInto(AbstractPipeline.java:484) ~[na:na]
	at java.base/java.util.stream.AbstractPipeline.wrapAndCopyInto(AbstractPipeline.java:474) ~[na:na]
	at java.base/java.util.stream.StreamSpliterators$WrappingSpliterator.forEachRemaining(StreamSpliterators.java:312) ~[na:na]
	at java.base/java.util.stream.Streams$ConcatSpliterator.forEachRemaining(Streams.java:735) ~[na:na]
	at java.base/java.util.stream.Streams$ConcatSpliterator.forEachRemaining(Streams.java:734) ~[na:na]
	at java.base/java.util.stream.ReferencePipeline$Head.forEach(ReferencePipeline.java:658) ~[na:na]
	at org.junit.jupiter.engine.descriptor.ClassBasedTestDescriptor.invokeTestInstancePostProcessors(ClassBasedTestDescriptor.java:336) ~[junit-jupiter-engine-5.5.2.jar:5.5.2]
	at org.junit.jupiter.engine.descriptor.ClassBasedTestDescriptor.instantiateAndPostProcessTestInstance(ClassBasedTestDescriptor.java:259) ~[junit-jupiter-engine-5.5.2.jar:5.5.2]
	at org.junit.jupiter.engine.descriptor.ClassBasedTestDescriptor.lambda$testInstancesProvider$2(ClassBasedTestDescriptor.java:252) ~[junit-jupiter-engine-5.5.2.jar:5.5.2]
	at java.base/java.util.Optional.orElseGet(Optional.java:362) ~[na:na]
	at org.junit.jupiter.engine.descriptor.ClassBasedTestDescriptor.lambda$testInstancesProvider$3(ClassBasedTestDescriptor.java:251) ~[junit-jupiter-engine-5.5.2.jar:5.5.2]
	at org.junit.jupiter.engine.execution.TestInstancesProvider.getTestInstances(TestInstancesProvider.java:29) ~[junit-jupiter-engine-5.5.2.jar:5.5.2]
	at org.junit.jupiter.engine.descriptor.TestMethodTestDescriptor.lambda$prepare$0(TestMethodTestDescriptor.java:106) ~[junit-jupiter-engine-5.5.2.jar:5.5.2]
	at org.junit.platform.engine.support.hierarchical.ThrowableCollector.execute(ThrowableCollector.java:73) ~[junit-platform-engine-1.5.2.jar:1.5.2]
	at org.junit.jupiter.engine.descriptor.TestMethodTestDescriptor.prepare(TestMethodTestDescriptor.java:105) ~[junit-jupiter-engine-5.5.2.jar:5.5.2]
	at org.junit.jupiter.engine.descriptor.TestMethodTestDescriptor.prepare(TestMethodTestDescriptor.java:69) ~[junit-jupiter-engine-5.5.2.jar:5.5.2]
	at org.junit.platform.engine.support.hierarchical.NodeTestTask.lambda$prepare$1(NodeTestTask.java:107) ~[junit-platform-engine-1.5.2.jar:1.5.2]
	at org.junit.platform.engine.support.hierarchical.ThrowableCollector.execute(ThrowableCollector.java:73) ~[junit-platform-engine-1.5.2.jar:1.5.2]
	at org.junit.platform.engine.support.hierarchical.NodeTestTask.prepare(NodeTestTask.java:107) ~[junit-platform-engine-1.5.2.jar:1.5.2]
	at org.junit.platform.engine.support.hierarchical.NodeTestTask.execute(NodeTestTask.java:75) ~[junit-platform-engine-1.5.2.jar:1.5.2]
	at java.base/java.util.ArrayList.forEach(ArrayList.java:1507) ~[na:na]
	at org.junit.platform.engine.support.hierarchical.SameThreadHierarchicalTestExecutorService.invokeAll(SameThreadHierarchicalTestExecutorService.java:38) ~[junit-platform-engine-1.5.2.jar:1.5.2]
	at org.junit.platform.engine.support.hierarchical.NodeTestTask.lambda$executeRecursively$5(NodeTestTask.java:139) ~[junit-platform-engine-1.5.2.jar:1.5.2]
	at org.junit.platform.engine.support.hierarchical.ThrowableCollector.execute(ThrowableCollector.java:73) ~[junit-platform-engine-1.5.2.jar:1.5.2]
	at org.junit.platform.engine.support.hierarchical.NodeTestTask.lambda$executeRecursively$7(NodeTestTask.java:125) ~[junit-platform-engine-1.5.2.jar:1.5.2]
	at org.junit.platform.engine.support.hierarchical.Node.around(Node.java:135) ~[junit-platform-engine-1.5.2.jar:1.5.2]
	at org.junit.platform.engine.support.hierarchical.NodeTestTask.lambda$executeRecursively$8(NodeTestTask.java:123) ~[junit-platform-engine-1.5.2.jar:1.5.2]
	at org.junit.platform.engine.support.hierarchical.ThrowableCollector.execute(ThrowableCollector.java:73) ~[junit-platform-engine-1.5.2.jar:1.5.2]
	at org.junit.platform.engine.support.hierarchical.NodeTestTask.executeRecursively(NodeTestTask.java:122) ~[junit-platform-engine-1.5.2.jar:1.5.2]
	at org.junit.platform.engine.support.hierarchical.NodeTestTask.execute(NodeTestTask.java:80) ~[junit-platform-engine-1.5.2.jar:1.5.2]
	at java.base/java.util.ArrayList.forEach(ArrayList.java:1507) ~[na:na]
	at org.junit.platform.engine.support.hierarchical.SameThreadHierarchicalTestExecutorService.invokeAll(SameThreadHierarchicalTestExecutorService.java:38) ~[junit-platform-engine-1.5.2.jar:1.5.2]
	at org.junit.platform.engine.support.hierarchical.NodeTestTask.lambda$executeRecursively$5(NodeTestTask.java:139) ~[junit-platform-engine-1.5.2.jar:1.5.2]
	at org.junit.platform.engine.support.hierarchical.ThrowableCollector.execute(ThrowableCollector.java:73) ~[junit-platform-engine-1.5.2.jar:1.5.2]
	at org.junit.platform.engine.support.hierarchical.NodeTestTask.lambda$executeRecursively$7(NodeTestTask.java:125) ~[junit-platform-engine-1.5.2.jar:1.5.2]
	at org.junit.platform.engine.support.hierarchical.Node.around(Node.java:135) ~[junit-platform-engine-1.5.2.jar:1.5.2]
	at org.junit.platform.engine.support.hierarchical.NodeTestTask.lambda$executeRecursively$8(NodeTestTask.java:123) ~[junit-platform-engine-1.5.2.jar:1.5.2]
	at org.junit.platform.engine.support.hierarchical.ThrowableCollector.execute(ThrowableCollector.java:73) ~[junit-platform-engine-1.5.2.jar:1.5.2]
	at org.junit.platform.engine.support.hierarchical.NodeTestTask.executeRecursively(NodeTestTask.java:122) ~[junit-platform-engine-1.5.2.jar:1.5.2]
	at org.junit.platform.engine.support.hierarchical.NodeTestTask.execute(NodeTestTask.java:80) ~[junit-platform-engine-1.5.2.jar:1.5.2]
	at org.junit.platform.engine.support.hierarchical.SameThreadHierarchicalTestExecutorService.submit(SameThreadHierarchicalTestExecutorService.java:32) ~[junit-platform-engine-1.5.2.jar:1.5.2]
	at org.junit.platform.engine.support.hierarchical.HierarchicalTestExecutor.execute(HierarchicalTestExecutor.java:57) ~[junit-platform-engine-1.5.2.jar:1.5.2]
	at org.junit.platform.engine.support.hierarchical.HierarchicalTestEngine.execute(HierarchicalTestEngine.java:51) ~[junit-platform-engine-1.5.2.jar:1.5.2]
	at org.junit.platform.launcher.core.DefaultLauncher.execute(DefaultLauncher.java:220) ~[junit-platform-launcher-1.3.1.jar:1.3.1]
	at org.junit.platform.launcher.core.DefaultLauncher.lambda$execute$6(DefaultLauncher.java:188) ~[junit-platform-launcher-1.3.1.jar:1.3.1]
	at org.junit.platform.launcher.core.DefaultLauncher.withInterceptedStreams(DefaultLauncher.java:202) ~[junit-platform-launcher-1.3.1.jar:1.3.1]
	at org.junit.platform.launcher.core.DefaultLauncher.execute(DefaultLauncher.java:181) ~[junit-platform-launcher-1.3.1.jar:1.3.1]
	at org.junit.platform.launcher.core.DefaultLauncher.execute(DefaultLauncher.java:128) ~[junit-platform-launcher-1.3.1.jar:1.3.1]
	at org.apache.maven.surefire.junitplatform.JUnitPlatformProvider.invokeAllTests(JUnitPlatformProvider.java:150) ~[surefire-junit-platform-2.22.2.jar:2.22.2]
	at org.apache.maven.surefire.junitplatform.JUnitPlatformProvider.invoke(JUnitPlatformProvider.java:124) ~[surefire-junit-platform-2.22.2.jar:2.22.2]
	at org.apache.maven.surefire.booter.ForkedBooter.invokeProviderInSameClassLoader(ForkedBooter.java:384) ~[surefire-booter-2.22.2.jar:2.22.2]
	at org.apache.maven.surefire.booter.ForkedBooter.runSuitesInProcess(ForkedBooter.java:345) ~[surefire-booter-2.22.2.jar:2.22.2]
	at org.apache.maven.surefire.booter.ForkedBooter.execute(ForkedBooter.java:126) ~[surefire-booter-2.22.2.jar:2.22.2]
	at org.apache.maven.surefire.booter.ForkedBooter.main(ForkedBooter.java:418) ~[surefire-booter-2.22.2.jar:2.22.2]
Caused by: org.springframework.beans.factory.BeanCreationException: Error creating bean with name 'dataSource' defined in class path resource [org/springframework/boot/autoconfigure/jdbc/DataSourceConfiguration$Hikari.class]: Bean instantiation via factory method failed; nested exception is org.springframework.beans.BeanInstantiationException: Failed to instantiate [com.zaxxer.hikari.HikariDataSource]: Factory method 'dataSource' threw exception; nested exception is org.springframework.boot.autoconfigure.jdbc.DataSourceProperties$DataSourceBeanCreationException: Failed to determine a suitable driver class
	at org.springframework.beans.factory.support.ConstructorResolver.instantiate(ConstructorResolver.java:656) ~[spring-beans-5.2.5.RELEASE.jar:5.2.5.RELEASE]
	at org.springframework.beans.factory.support.ConstructorResolver.instantiateUsingFactoryMethod(ConstructorResolver.java:636) ~[spring-beans-5.2.5.RELEASE.jar:5.2.5.RELEASE]
	at org.springframework.beans.factory.support.AbstractAutowireCapableBeanFactory.instantiateUsingFactoryMethod(AbstractAutowireCapableBeanFactory.java:1338) ~[spring-beans-5.2.5.RELEASE.jar:5.2.5.RELEASE]
	at org.springframework.beans.factory.support.AbstractAutowireCapableBeanFactory.createBeanInstance(AbstractAutowireCapableBeanFactory.java:1177) ~[spring-beans-5.2.5.RELEASE.jar:5.2.5.RELEASE]
	at org.springframework.beans.factory.support.AbstractAutowireCapableBeanFactory.doCreateBean(AbstractAutowireCapableBeanFactory.java:557) ~[spring-beans-5.2.5.RELEASE.jar:5.2.5.RELEASE]
	at org.springframework.beans.factory.support.AbstractAutowireCapableBeanFactory.createBean(AbstractAutowireCapableBeanFactory.java:517) ~[spring-beans-5.2.5.RELEASE.jar:5.2.5.RELEASE]
	at org.springframework.beans.factory.support.AbstractBeanFactory.lambda$doGetBean$0(AbstractBeanFactory.java:323) ~[spring-beans-5.2.5.RELEASE.jar:5.2.5.RELEASE]
	at org.springframework.beans.factory.support.DefaultSingletonBeanRegistry.getSingleton(DefaultSingletonBeanRegistry.java:222) ~[spring-beans-5.2.5.RELEASE.jar:5.2.5.RELEASE]
	at org.springframework.beans.factory.support.AbstractBeanFactory.doGetBean(AbstractBeanFactory.java:321) ~[spring-beans-5.2.5.RELEASE.jar:5.2.5.RELEASE]
	at org.springframework.beans.factory.support.AbstractBeanFactory.getBean(AbstractBeanFactory.java:202) ~[spring-beans-5.2.5.RELEASE.jar:5.2.5.RELEASE]
	at org.springframework.beans.factory.support.DefaultListableBeanFactory.preInstantiateSingletons(DefaultListableBeanFactory.java:882) ~[spring-beans-5.2.5.RELEASE.jar:5.2.5.RELEASE]
	at org.springframework.context.support.AbstractApplicationContext.finishBeanFactoryInitialization(AbstractApplicationContext.java:878) ~[spring-context-5.2.5.RELEASE.jar:5.2.5.RELEASE]
	at org.springframework.context.support.AbstractApplicationContext.refresh(AbstractApplicationContext.java:550) ~[spring-context-5.2.5.RELEASE.jar:5.2.5.RELEASE]
	at org.springframework.boot.SpringApplication.refresh(SpringApplication.java:747) ~[spring-boot-2.2.6.RELEASE.jar:2.2.6.RELEASE]
	at org.springframework.boot.SpringApplication.refreshContext(SpringApplication.java:397) ~[spring-boot-2.2.6.RELEASE.jar:2.2.6.RELEASE]
	at org.springframework.boot.SpringApplication.run(SpringApplication.java:315) ~[spring-boot-2.2.6.RELEASE.jar:2.2.6.RELEASE]
	at org.springframework.boot.test.context.SpringBootContextLoader.loadContext(SpringBootContextLoader.java:126) ~[spring-boot-test-2.2.6.RELEASE.jar:2.2.6.RELEASE]
	at org.springframework.test.context.cache.DefaultCacheAwareContextLoaderDelegate.loadContextInternal(DefaultCacheAwareContextLoaderDelegate.java:99) ~[spring-test-5.2.5.RELEASE.jar:5.2.5.RELEASE]
	at org.springframework.test.context.cache.DefaultCacheAwareContextLoaderDelegate.loadContext(DefaultCacheAwareContextLoaderDelegate.java:124) ~[spring-test-5.2.5.RELEASE.jar:5.2.5.RELEASE]
	... 65 common frames omitted
Caused by: org.springframework.beans.BeanInstantiationException: Failed to instantiate [com.zaxxer.hikari.HikariDataSource]: Factory method 'dataSource' threw exception; nested exception is org.springframework.boot.autoconfigure.jdbc.DataSourceProperties$DataSourceBeanCreationException: Failed to determine a suitable driver class
	at org.springframework.beans.factory.support.SimpleInstantiationStrategy.instantiate(SimpleInstantiationStrategy.java:185) ~[spring-beans-5.2.5.RELEASE.jar:5.2.5.RELEASE]
	at org.springframework.beans.factory.support.ConstructorResolver.instantiate(ConstructorResolver.java:651) ~[spring-beans-5.2.5.RELEASE.jar:5.2.5.RELEASE]
	... 83 common frames omitted
Caused by: org.springframework.boot.autoconfigure.jdbc.DataSourceProperties$DataSourceBeanCreationException: Failed to determine a suitable driver class
	at org.springframework.boot.autoconfigure.jdbc.DataSourceProperties.determineDriverClassName(DataSourceProperties.java:233) ~[spring-boot-autoconfigure-2.2.6.RELEASE.jar:2.2.6.RELEASE]
	at org.springframework.boot.autoconfigure.jdbc.DataSourceProperties.initializeDataSourceBuilder(DataSourceProperties.java:174) ~[spring-boot-autoconfigure-2.2.6.RELEASE.jar:2.2.6.RELEASE]
	at org.springframework.boot.autoconfigure.jdbc.DataSourceConfiguration.createDataSource(DataSourceConfiguration.java:43) ~[spring-boot-autoconfigure-2.2.6.RELEASE.jar:2.2.6.RELEASE]
	at org.springframework.boot.autoconfigure.jdbc.DataSourceConfiguration$Hikari.dataSource(DataSourceConfiguration.java:85) ~[spring-boot-autoconfigure-2.2.6.RELEASE.jar:2.2.6.RELEASE]
	at java.base/jdk.internal.reflect.NativeMethodAccessorImpl.invoke0(Native Method) ~[na:na]
	at java.base/jdk.internal.reflect.NativeMethodAccessorImpl.invoke(NativeMethodAccessorImpl.java:62) ~[na:na]
	at java.base/jdk.internal.reflect.DelegatingMethodAccessorImpl.invoke(DelegatingMethodAccessorImpl.java:43) ~[na:na]
	at java.base/java.lang.reflect.Method.invoke(Method.java:567) ~[na:na]
	at org.springframework.beans.factory.support.SimpleInstantiationStrategy.instantiate(SimpleInstantiationStrategy.java:154) ~[spring-beans-5.2.5.RELEASE.jar:5.2.5.RELEASE]
	... 84 common frames omitted

]]></system-out>
  </testcase>
</testsuite>